21:27:10 INFO  : Registering command handlers for SDK TCF services
21:27:10 INFO  : Launching XSCT server: xsct.bat -interactive C:\Users\calta\Dropbox\Progetti_fpga\CCD_Controller_Zybo_V2\CCD_Controller_Zybo_V2.sdk\temp_xsdb_launch_script.tcl
21:27:12 INFO  : XSCT server has started successfully.
21:27:18 INFO  : Successfully done setting XSCT server connection channel  
21:27:18 INFO  : Successfully done setting SDK workspace  
21:27:18 INFO  : Processing command line option -hwspec C:/Users/calta/Dropbox/Progetti_fpga/CCD_Controller_Zybo_V2/CCD_Controller_Zybo_V2.sdk/design_1_wrapper.hdf.
21:41:46 INFO  : Connected to target on host '127.0.0.1' and port '3121'.
21:41:48 INFO  : 'targets -set -filter {jtag_cable_name =~ "Digilent Zybo 210279652415A" && level==0} -index 1' command is executed.
21:41:49 INFO  : FPGA configured successfully with bitstream "C:/Users/calta/Dropbox/Progetti_fpga/CCD_Controller_Zybo_V2/CCD_Controller_Zybo_V2.sdk/design_1_wrapper_hw_platform_0/design_1_wrapper.bit"
21:41:58 INFO  : 'targets -set -filter {jtag_cable_name =~ "Digilent Zybo 210279652415A" && level==0} -index 1' command is executed.
21:41:58 INFO  : 'fpga -state' command is executed.
21:41:58 INFO  : Connected to target on host '127.0.0.1' and port '3121'.
21:41:59 INFO  : Jtag cable 'Digilent Zybo 210279652415A' is selected.
21:41:59 INFO  : 'jtag frequency' command is executed.
21:41:59 INFO  : Sourcing of 'C:/Users/calta/Dropbox/Progetti_fpga/CCD_Controller_Zybo_V2/CCD_Controller_Zybo_V2.sdk/design_1_wrapper_hw_platform_0/ps7_init.tcl' is done.
21:41:59 INFO  : Context for 'APU' is selected.
21:41:59 INFO  : Hardware design information is loaded from 'C:/Users/calta/Dropbox/Progetti_fpga/CCD_Controller_Zybo_V2/CCD_Controller_Zybo_V2.sdk/design_1_wrapper_hw_platform_0/system.hdf'.
21:41:59 INFO  : 'configparams force-mem-access 1' command is executed.
21:41:59 INFO  : Context for 'APU' is selected.
21:41:59 INFO  : 'stop' command is executed.
21:41:59 INFO  : 'ps7_init' command is executed.
21:41:59 INFO  : 'ps7_post_config' command is executed.
21:41:59 INFO  : Context for processor 'ps7_cortexa9_0' is selected.
21:41:59 INFO  : Processor reset is completed for 'ps7_cortexa9_0'.
21:41:59 INFO  : Context for processor 'ps7_cortexa9_0' is selected.
21:41:59 INFO  : The application 'C:/Users/calta/Dropbox/Progetti_fpga/CCD_Controller_Zybo_V2/CCD_Controller_Zybo_V2.sdk/ccd_controller/Debug/ccd_controller.elf' is downloaded to processor 'ps7_cortexa9_0'.
21:41:59 INFO  : 'configparams force-mem-access 0' command is executed.
21:41:59 INFO  : ----------------XSDB Script----------------
connect -url tcp:127.0.0.1:3121
source C:/Users/calta/Dropbox/Progetti_fpga/CCD_Controller_Zybo_V2/CCD_Controller_Zybo_V2.sdk/design_1_wrapper_hw_platform_0/ps7_init.tcl
targets -set -nocase -filter {name =~"APU*" && jtag_cable_name =~ "Digilent Zybo 210279652415A"} -index 0
loadhw -hw C:/Users/calta/Dropbox/Progetti_fpga/CCD_Controller_Zybo_V2/CCD_Controller_Zybo_V2.sdk/design_1_wrapper_hw_platform_0/system.hdf -mem-ranges [list {0x40000000 0xbfffffff}]
configparams force-mem-access 1
targets -set -nocase -filter {name =~"APU*" && jtag_cable_name =~ "Digilent Zybo 210279652415A"} -index 0
stop
ps7_init
ps7_post_config
targets -set -nocase -filter {name =~ "ARM*#0" && jtag_cable_name =~ "Digilent Zybo 210279652415A"} -index 0
rst -processor
targets -set -nocase -filter {name =~ "ARM*#0" && jtag_cable_name =~ "Digilent Zybo 210279652415A"} -index 0
dow C:/Users/calta/Dropbox/Progetti_fpga/CCD_Controller_Zybo_V2/CCD_Controller_Zybo_V2.sdk/ccd_controller/Debug/ccd_controller.elf
configparams force-mem-access 0
----------------End of Script----------------

21:42:00 INFO  : Memory regions updated for context APU
21:42:00 INFO  : Context for processor 'ps7_cortexa9_0' is selected.
21:42:00 INFO  : 'con' command is executed.
21:42:00 INFO  : ----------------XSDB Script (After Launch)----------------
targets -set -nocase -filter {name =~ "ARM*#0" && jtag_cable_name =~ "Digilent Zybo 210279652415A"} -index 0
con
----------------End of Script----------------

21:42:00 INFO  : Launch script is exported to file 'C:\Users\calta\Dropbox\Progetti_fpga\CCD_Controller_Zybo_V2\CCD_Controller_Zybo_V2.sdk\.sdk\launch_scripts\xilinx_c-c++_application_(system_debugger)\system_debugger_using_debug_ccd_controller.elf_on_local.tcl'
21:49:25 INFO  : Disconnected from the channel tcfchan#1.
21:49:26 INFO  : 'targets -set -filter {jtag_cable_name =~ "Digilent Zybo 210279652415A" && level==0} -index 1' command is executed.
21:49:26 INFO  : 'fpga -state' command is executed.
21:49:26 INFO  : Connected to target on host '127.0.0.1' and port '3121'.
21:49:26 INFO  : Jtag cable 'Digilent Zybo 210279652415A' is selected.
21:49:26 INFO  : 'jtag frequency' command is executed.
21:49:26 INFO  : Sourcing of 'C:/Users/calta/Dropbox/Progetti_fpga/CCD_Controller_Zybo_V2/CCD_Controller_Zybo_V2.sdk/design_1_wrapper_hw_platform_0/ps7_init.tcl' is done.
21:49:26 INFO  : Context for 'APU' is selected.
21:49:28 INFO  : Hardware design information is loaded from 'C:/Users/calta/Dropbox/Progetti_fpga/CCD_Controller_Zybo_V2/CCD_Controller_Zybo_V2.sdk/design_1_wrapper_hw_platform_0/system.hdf'.
21:49:28 INFO  : 'configparams force-mem-access 1' command is executed.
21:49:28 INFO  : Context for 'APU' is selected.
21:49:28 INFO  : 'stop' command is executed.
21:49:29 INFO  : 'ps7_init' command is executed.
21:49:29 INFO  : 'ps7_post_config' command is executed.
21:49:29 INFO  : Context for processor 'ps7_cortexa9_0' is selected.
21:49:29 INFO  : Processor reset is completed for 'ps7_cortexa9_0'.
21:49:29 INFO  : Context for processor 'ps7_cortexa9_0' is selected.
21:49:29 INFO  : The application 'C:/Users/calta/Dropbox/Progetti_fpga/CCD_Controller_Zybo_V2/CCD_Controller_Zybo_V2.sdk/ccd_controller/Debug/ccd_controller.elf' is downloaded to processor 'ps7_cortexa9_0'.
21:49:29 INFO  : 'configparams force-mem-access 0' command is executed.
21:49:29 INFO  : ----------------XSDB Script----------------
connect -url tcp:127.0.0.1:3121
source C:/Users/calta/Dropbox/Progetti_fpga/CCD_Controller_Zybo_V2/CCD_Controller_Zybo_V2.sdk/design_1_wrapper_hw_platform_0/ps7_init.tcl
targets -set -nocase -filter {name =~"APU*" && jtag_cable_name =~ "Digilent Zybo 210279652415A"} -index 0
loadhw -hw C:/Users/calta/Dropbox/Progetti_fpga/CCD_Controller_Zybo_V2/CCD_Controller_Zybo_V2.sdk/design_1_wrapper_hw_platform_0/system.hdf -mem-ranges [list {0x40000000 0xbfffffff}]
configparams force-mem-access 1
targets -set -nocase -filter {name =~"APU*" && jtag_cable_name =~ "Digilent Zybo 210279652415A"} -index 0
stop
ps7_init
ps7_post_config
targets -set -nocase -filter {name =~ "ARM*#0" && jtag_cable_name =~ "Digilent Zybo 210279652415A"} -index 0
rst -processor
targets -set -nocase -filter {name =~ "ARM*#0" && jtag_cable_name =~ "Digilent Zybo 210279652415A"} -index 0
dow C:/Users/calta/Dropbox/Progetti_fpga/CCD_Controller_Zybo_V2/CCD_Controller_Zybo_V2.sdk/ccd_controller/Debug/ccd_controller.elf
configparams force-mem-access 0
----------------End of Script----------------

21:49:29 INFO  : Memory regions updated for context APU
21:49:29 INFO  : Context for processor 'ps7_cortexa9_0' is selected.
21:49:29 INFO  : 'con' command is executed.
21:49:29 INFO  : ----------------XSDB Script (After Launch)----------------
targets -set -nocase -filter {name =~ "ARM*#0" && jtag_cable_name =~ "Digilent Zybo 210279652415A"} -index 0
con
----------------End of Script----------------

21:49:29 INFO  : Launch script is exported to file 'C:\Users\calta\Dropbox\Progetti_fpga\CCD_Controller_Zybo_V2\CCD_Controller_Zybo_V2.sdk\.sdk\launch_scripts\xilinx_c-c++_application_(system_debugger)\system_debugger_using_debug_ccd_controller.elf_on_local.tcl'
21:49:48 INFO  : Disconnected from the channel tcfchan#2.
21:49:49 INFO  : 'targets -set -filter {jtag_cable_name =~ "Digilent Zybo 210279652415A" && level==0} -index 1' command is executed.
21:49:49 INFO  : 'fpga -state' command is executed.
21:49:49 INFO  : Connected to target on host '127.0.0.1' and port '3121'.
21:49:49 INFO  : Jtag cable 'Digilent Zybo 210279652415A' is selected.
21:49:49 INFO  : 'jtag frequency' command is executed.
21:49:49 INFO  : Sourcing of 'C:/Users/calta/Dropbox/Progetti_fpga/CCD_Controller_Zybo_V2/CCD_Controller_Zybo_V2.sdk/design_1_wrapper_hw_platform_0/ps7_init.tcl' is done.
21:49:50 INFO  : Context for 'APU' is selected.
21:49:52 INFO  : Hardware design information is loaded from 'C:/Users/calta/Dropbox/Progetti_fpga/CCD_Controller_Zybo_V2/CCD_Controller_Zybo_V2.sdk/design_1_wrapper_hw_platform_0/system.hdf'.
21:49:52 INFO  : 'configparams force-mem-access 1' command is executed.
21:49:52 INFO  : Context for 'APU' is selected.
21:49:52 INFO  : 'stop' command is executed.
21:49:52 INFO  : 'ps7_init' command is executed.
21:49:52 INFO  : 'ps7_post_config' command is executed.
21:49:52 INFO  : Context for processor 'ps7_cortexa9_0' is selected.
21:49:52 INFO  : Processor reset is completed for 'ps7_cortexa9_0'.
21:49:52 INFO  : Context for processor 'ps7_cortexa9_0' is selected.
21:49:53 INFO  : The application 'C:/Users/calta/Dropbox/Progetti_fpga/CCD_Controller_Zybo_V2/CCD_Controller_Zybo_V2.sdk/ccd_controller/Debug/ccd_controller.elf' is downloaded to processor 'ps7_cortexa9_0'.
21:49:53 INFO  : 'configparams force-mem-access 0' command is executed.
21:49:53 INFO  : ----------------XSDB Script----------------
connect -url tcp:127.0.0.1:3121
source C:/Users/calta/Dropbox/Progetti_fpga/CCD_Controller_Zybo_V2/CCD_Controller_Zybo_V2.sdk/design_1_wrapper_hw_platform_0/ps7_init.tcl
targets -set -nocase -filter {name =~"APU*" && jtag_cable_name =~ "Digilent Zybo 210279652415A"} -index 0
loadhw -hw C:/Users/calta/Dropbox/Progetti_fpga/CCD_Controller_Zybo_V2/CCD_Controller_Zybo_V2.sdk/design_1_wrapper_hw_platform_0/system.hdf -mem-ranges [list {0x40000000 0xbfffffff}]
configparams force-mem-access 1
targets -set -nocase -filter {name =~"APU*" && jtag_cable_name =~ "Digilent Zybo 210279652415A"} -index 0
stop
ps7_init
ps7_post_config
targets -set -nocase -filter {name =~ "ARM*#0" && jtag_cable_name =~ "Digilent Zybo 210279652415A"} -index 0
rst -processor
targets -set -nocase -filter {name =~ "ARM*#0" && jtag_cable_name =~ "Digilent Zybo 210279652415A"} -index 0
dow C:/Users/calta/Dropbox/Progetti_fpga/CCD_Controller_Zybo_V2/CCD_Controller_Zybo_V2.sdk/ccd_controller/Debug/ccd_controller.elf
configparams force-mem-access 0
----------------End of Script----------------

21:49:53 INFO  : Memory regions updated for context APU
21:49:53 INFO  : Context for processor 'ps7_cortexa9_0' is selected.
21:49:53 INFO  : 'con' command is executed.
21:49:53 INFO  : ----------------XSDB Script (After Launch)----------------
targets -set -nocase -filter {name =~ "ARM*#0" && jtag_cable_name =~ "Digilent Zybo 210279652415A"} -index 0
con
----------------End of Script----------------

21:49:53 INFO  : Launch script is exported to file 'C:\Users\calta\Dropbox\Progetti_fpga\CCD_Controller_Zybo_V2\CCD_Controller_Zybo_V2.sdk\.sdk\launch_scripts\xilinx_c-c++_application_(system_debugger)\system_debugger_using_debug_ccd_controller.elf_on_local.tcl'
21:56:32 INFO  : Disconnected from the channel tcfchan#3.
21:56:33 INFO  : 'targets -set -filter {jtag_cable_name =~ "Digilent Zybo 210279652415A" && level==0} -index 1' command is executed.
21:56:33 INFO  : 'fpga -state' command is executed.
21:56:33 INFO  : Connected to target on host '127.0.0.1' and port '3121'.
21:56:33 INFO  : Jtag cable 'Digilent Zybo 210279652415A' is selected.
21:56:33 INFO  : 'jtag frequency' command is executed.
21:56:33 INFO  : Sourcing of 'C:/Users/calta/Dropbox/Progetti_fpga/CCD_Controller_Zybo_V2/CCD_Controller_Zybo_V2.sdk/design_1_wrapper_hw_platform_0/ps7_init.tcl' is done.
21:56:33 INFO  : Context for 'APU' is selected.
21:56:35 INFO  : Hardware design information is loaded from 'C:/Users/calta/Dropbox/Progetti_fpga/CCD_Controller_Zybo_V2/CCD_Controller_Zybo_V2.sdk/design_1_wrapper_hw_platform_0/system.hdf'.
21:56:35 INFO  : 'configparams force-mem-access 1' command is executed.
21:56:35 INFO  : Context for 'APU' is selected.
21:56:35 INFO  : 'stop' command is executed.
21:56:35 INFO  : 'ps7_init' command is executed.
21:56:35 INFO  : 'ps7_post_config' command is executed.
21:56:36 INFO  : Context for processor 'ps7_cortexa9_0' is selected.
21:56:36 INFO  : Processor reset is completed for 'ps7_cortexa9_0'.
21:56:36 INFO  : Context for processor 'ps7_cortexa9_0' is selected.
21:56:36 INFO  : The application 'C:/Users/calta/Dropbox/Progetti_fpga/CCD_Controller_Zybo_V2/CCD_Controller_Zybo_V2.sdk/ccd_controller/Debug/ccd_controller.elf' is downloaded to processor 'ps7_cortexa9_0'.
21:56:36 INFO  : 'configparams force-mem-access 0' command is executed.
21:56:36 INFO  : ----------------XSDB Script----------------
connect -url tcp:127.0.0.1:3121
source C:/Users/calta/Dropbox/Progetti_fpga/CCD_Controller_Zybo_V2/CCD_Controller_Zybo_V2.sdk/design_1_wrapper_hw_platform_0/ps7_init.tcl
targets -set -nocase -filter {name =~"APU*" && jtag_cable_name =~ "Digilent Zybo 210279652415A"} -index 0
loadhw -hw C:/Users/calta/Dropbox/Progetti_fpga/CCD_Controller_Zybo_V2/CCD_Controller_Zybo_V2.sdk/design_1_wrapper_hw_platform_0/system.hdf -mem-ranges [list {0x40000000 0xbfffffff}]
configparams force-mem-access 1
targets -set -nocase -filter {name =~"APU*" && jtag_cable_name =~ "Digilent Zybo 210279652415A"} -index 0
stop
ps7_init
ps7_post_config
targets -set -nocase -filter {name =~ "ARM*#0" && jtag_cable_name =~ "Digilent Zybo 210279652415A"} -index 0
rst -processor
targets -set -nocase -filter {name =~ "ARM*#0" && jtag_cable_name =~ "Digilent Zybo 210279652415A"} -index 0
dow C:/Users/calta/Dropbox/Progetti_fpga/CCD_Controller_Zybo_V2/CCD_Controller_Zybo_V2.sdk/ccd_controller/Debug/ccd_controller.elf
configparams force-mem-access 0
----------------End of Script----------------

21:56:36 INFO  : Memory regions updated for context APU
21:56:36 INFO  : Context for processor 'ps7_cortexa9_0' is selected.
21:56:36 INFO  : 'con' command is executed.
21:56:36 INFO  : ----------------XSDB Script (After Launch)----------------
targets -set -nocase -filter {name =~ "ARM*#0" && jtag_cable_name =~ "Digilent Zybo 210279652415A"} -index 0
con
----------------End of Script----------------

21:56:36 INFO  : Launch script is exported to file 'C:\Users\calta\Dropbox\Progetti_fpga\CCD_Controller_Zybo_V2\CCD_Controller_Zybo_V2.sdk\.sdk\launch_scripts\xilinx_c-c++_application_(system_debugger)\system_debugger_using_debug_ccd_controller.elf_on_local.tcl'
21:56:56 INFO  : Disconnected from the channel tcfchan#4.
21:56:57 INFO  : 'targets -set -filter {jtag_cable_name =~ "Digilent Zybo 210279652415A" && level==0} -index 1' command is executed.
21:56:57 INFO  : 'fpga -state' command is executed.
21:56:57 INFO  : Connected to target on host '127.0.0.1' and port '3121'.
21:56:58 INFO  : Jtag cable 'Digilent Zybo 210279652415A' is selected.
21:56:58 INFO  : 'jtag frequency' command is executed.
21:56:58 INFO  : Sourcing of 'C:/Users/calta/Dropbox/Progetti_fpga/CCD_Controller_Zybo_V2/CCD_Controller_Zybo_V2.sdk/design_1_wrapper_hw_platform_0/ps7_init.tcl' is done.
21:56:58 INFO  : Context for 'APU' is selected.
21:57:00 INFO  : Hardware design information is loaded from 'C:/Users/calta/Dropbox/Progetti_fpga/CCD_Controller_Zybo_V2/CCD_Controller_Zybo_V2.sdk/design_1_wrapper_hw_platform_0/system.hdf'.
21:57:00 INFO  : 'configparams force-mem-access 1' command is executed.
21:57:00 INFO  : Context for 'APU' is selected.
21:57:00 INFO  : 'stop' command is executed.
21:57:00 INFO  : 'ps7_init' command is executed.
21:57:00 INFO  : 'ps7_post_config' command is executed.
21:57:00 INFO  : Context for processor 'ps7_cortexa9_0' is selected.
21:57:00 INFO  : Processor reset is completed for 'ps7_cortexa9_0'.
21:57:00 INFO  : Context for processor 'ps7_cortexa9_0' is selected.
21:57:00 INFO  : The application 'C:/Users/calta/Dropbox/Progetti_fpga/CCD_Controller_Zybo_V2/CCD_Controller_Zybo_V2.sdk/ccd_controller/Debug/ccd_controller.elf' is downloaded to processor 'ps7_cortexa9_0'.
21:57:00 INFO  : 'configparams force-mem-access 0' command is executed.
21:57:00 INFO  : ----------------XSDB Script----------------
connect -url tcp:127.0.0.1:3121
source C:/Users/calta/Dropbox/Progetti_fpga/CCD_Controller_Zybo_V2/CCD_Controller_Zybo_V2.sdk/design_1_wrapper_hw_platform_0/ps7_init.tcl
targets -set -nocase -filter {name =~"APU*" && jtag_cable_name =~ "Digilent Zybo 210279652415A"} -index 0
loadhw -hw C:/Users/calta/Dropbox/Progetti_fpga/CCD_Controller_Zybo_V2/CCD_Controller_Zybo_V2.sdk/design_1_wrapper_hw_platform_0/system.hdf -mem-ranges [list {0x40000000 0xbfffffff}]
configparams force-mem-access 1
targets -set -nocase -filter {name =~"APU*" && jtag_cable_name =~ "Digilent Zybo 210279652415A"} -index 0
stop
ps7_init
ps7_post_config
targets -set -nocase -filter {name =~ "ARM*#0" && jtag_cable_name =~ "Digilent Zybo 210279652415A"} -index 0
rst -processor
targets -set -nocase -filter {name =~ "ARM*#0" && jtag_cable_name =~ "Digilent Zybo 210279652415A"} -index 0
dow C:/Users/calta/Dropbox/Progetti_fpga/CCD_Controller_Zybo_V2/CCD_Controller_Zybo_V2.sdk/ccd_controller/Debug/ccd_controller.elf
configparams force-mem-access 0
----------------End of Script----------------

21:57:00 INFO  : Memory regions updated for context APU
21:57:01 INFO  : Context for processor 'ps7_cortexa9_0' is selected.
21:57:01 INFO  : 'con' command is executed.
21:57:01 INFO  : ----------------XSDB Script (After Launch)----------------
targets -set -nocase -filter {name =~ "ARM*#0" && jtag_cable_name =~ "Digilent Zybo 210279652415A"} -index 0
con
----------------End of Script----------------

21:57:01 INFO  : Launch script is exported to file 'C:\Users\calta\Dropbox\Progetti_fpga\CCD_Controller_Zybo_V2\CCD_Controller_Zybo_V2.sdk\.sdk\launch_scripts\xilinx_c-c++_application_(system_debugger)\system_debugger_using_debug_ccd_controller.elf_on_local.tcl'
21:58:26 INFO  : Disconnected from the channel tcfchan#5.
21:58:27 INFO  : 'targets -set -filter {jtag_cable_name =~ "Digilent Zybo 210279652415A" && level==0} -index 1' command is executed.
21:58:27 INFO  : 'fpga -state' command is executed.
21:58:27 INFO  : Connected to target on host '127.0.0.1' and port '3121'.
21:58:27 INFO  : Jtag cable 'Digilent Zybo 210279652415A' is selected.
21:58:27 INFO  : 'jtag frequency' command is executed.
21:58:27 INFO  : Sourcing of 'C:/Users/calta/Dropbox/Progetti_fpga/CCD_Controller_Zybo_V2/CCD_Controller_Zybo_V2.sdk/design_1_wrapper_hw_platform_0/ps7_init.tcl' is done.
21:58:27 INFO  : Context for 'APU' is selected.
21:58:29 INFO  : Hardware design information is loaded from 'C:/Users/calta/Dropbox/Progetti_fpga/CCD_Controller_Zybo_V2/CCD_Controller_Zybo_V2.sdk/design_1_wrapper_hw_platform_0/system.hdf'.
21:58:29 INFO  : 'configparams force-mem-access 1' command is executed.
21:58:29 INFO  : Context for 'APU' is selected.
21:58:29 INFO  : 'stop' command is executed.
21:58:30 INFO  : 'ps7_init' command is executed.
21:58:30 INFO  : 'ps7_post_config' command is executed.
21:58:30 INFO  : Context for processor 'ps7_cortexa9_0' is selected.
21:58:30 INFO  : Processor reset is completed for 'ps7_cortexa9_0'.
21:58:30 INFO  : Context for processor 'ps7_cortexa9_0' is selected.
21:58:30 INFO  : The application 'C:/Users/calta/Dropbox/Progetti_fpga/CCD_Controller_Zybo_V2/CCD_Controller_Zybo_V2.sdk/ccd_controller/Debug/ccd_controller.elf' is downloaded to processor 'ps7_cortexa9_0'.
21:58:30 INFO  : 'configparams force-mem-access 0' command is executed.
21:58:30 INFO  : ----------------XSDB Script----------------
connect -url tcp:127.0.0.1:3121
source C:/Users/calta/Dropbox/Progetti_fpga/CCD_Controller_Zybo_V2/CCD_Controller_Zybo_V2.sdk/design_1_wrapper_hw_platform_0/ps7_init.tcl
targets -set -nocase -filter {name =~"APU*" && jtag_cable_name =~ "Digilent Zybo 210279652415A"} -index 0
loadhw -hw C:/Users/calta/Dropbox/Progetti_fpga/CCD_Controller_Zybo_V2/CCD_Controller_Zybo_V2.sdk/design_1_wrapper_hw_platform_0/system.hdf -mem-ranges [list {0x40000000 0xbfffffff}]
configparams force-mem-access 1
targets -set -nocase -filter {name =~"APU*" && jtag_cable_name =~ "Digilent Zybo 210279652415A"} -index 0
stop
ps7_init
ps7_post_config
targets -set -nocase -filter {name =~ "ARM*#0" && jtag_cable_name =~ "Digilent Zybo 210279652415A"} -index 0
rst -processor
targets -set -nocase -filter {name =~ "ARM*#0" && jtag_cable_name =~ "Digilent Zybo 210279652415A"} -index 0
dow C:/Users/calta/Dropbox/Progetti_fpga/CCD_Controller_Zybo_V2/CCD_Controller_Zybo_V2.sdk/ccd_controller/Debug/ccd_controller.elf
configparams force-mem-access 0
----------------End of Script----------------

21:58:30 INFO  : Memory regions updated for context APU
21:58:30 INFO  : Context for processor 'ps7_cortexa9_0' is selected.
21:58:30 INFO  : 'con' command is executed.
21:58:30 INFO  : ----------------XSDB Script (After Launch)----------------
targets -set -nocase -filter {name =~ "ARM*#0" && jtag_cable_name =~ "Digilent Zybo 210279652415A"} -index 0
con
----------------End of Script----------------

21:58:30 INFO  : Launch script is exported to file 'C:\Users\calta\Dropbox\Progetti_fpga\CCD_Controller_Zybo_V2\CCD_Controller_Zybo_V2.sdk\.sdk\launch_scripts\xilinx_c-c++_application_(system_debugger)\system_debugger_using_debug_ccd_controller.elf_on_local.tcl'
21:59:59 INFO  : Disconnected from the channel tcfchan#6.
