18:28:55 INFO  : Registering command handlers for SDK TCF services
18:28:55 INFO  : Launching XSCT server: xsct.bat -interactive C:\SVN\FPGA\AXI_Stream_counter_V1\AXI_Stream_counter_V1.sdk\temp_xsdb_launch_script.tcl
18:28:57 INFO  : XSCT server has started successfully.
18:28:57 INFO  : Successfully done setting XSCT server connection channel  
18:29:06 INFO  : Successfully done setting SDK workspace  
18:29:06 INFO  : Processing command line option -hwspec C:/SVN/FPGA/AXI_Stream_counter_V1/AXI_Stream_counter_V1.sdk/design_1_wrapper.hdf.
19:27:19 INFO  : 'targets -set -filter {jtag_cable_name =~ "Digilent Zybo 210279652415A" && level==0} -index 1' command is executed.
19:27:19 INFO  : 'fpga -state' command is executed.
19:27:19 INFO  : Connected to target on host '127.0.0.1' and port '3121'.
19:27:19 INFO  : Jtag cable 'Digilent Zybo 210279652415A' is selected.
19:27:19 INFO  : 'jtag frequency' command is executed.
19:27:19 INFO  : Sourcing of 'C:/SVN/FPGA/AXI_Stream_counter_V1/AXI_Stream_counter_V1.sdk/design_1_wrapper_hw_platform_0/ps7_init.tcl' is done.
19:27:19 INFO  : Context for 'APU' is selected.
19:27:19 INFO  : Hardware design information is loaded from 'C:/SVN/FPGA/AXI_Stream_counter_V1/AXI_Stream_counter_V1.sdk/design_1_wrapper_hw_platform_0/system.hdf'.
19:27:19 INFO  : 'configparams force-mem-access 1' command is executed.
19:27:19 INFO  : Context for 'APU' is selected.
19:27:20 INFO  : 'stop' command is executed.
19:27:20 ERROR : Debug context is claimed by another client
19:27:20 INFO  : ----------------XSDB Script----------------
connect -url tcp:127.0.0.1:3121
source C:/SVN/FPGA/AXI_Stream_counter_V1/AXI_Stream_counter_V1.sdk/design_1_wrapper_hw_platform_0/ps7_init.tcl
targets -set -nocase -filter {name =~"APU*" && jtag_cable_name =~ "Digilent Zybo 210279652415A"} -index 0
loadhw -hw C:/SVN/FPGA/AXI_Stream_counter_V1/AXI_Stream_counter_V1.sdk/design_1_wrapper_hw_platform_0/system.hdf -mem-ranges [list {0x40000000 0xbfffffff}]
configparams force-mem-access 1
targets -set -nocase -filter {name =~"APU*" && jtag_cable_name =~ "Digilent Zybo 210279652415A"} -index 0
stop
ps7_init
----------------End of Script----------------

19:27:40 INFO  : 'targets -set -filter {jtag_cable_name =~ "Digilent Zybo 210279652415A" && level==0} -index 1' command is executed.
19:27:40 INFO  : 'fpga -state' command is executed.
19:27:40 INFO  : Connected to target on host '127.0.0.1' and port '3121'.
19:27:40 INFO  : Jtag cable 'Digilent Zybo 210279652415A' is selected.
19:27:40 INFO  : 'jtag frequency' command is executed.
19:27:40 INFO  : Sourcing of 'C:/SVN/FPGA/AXI_Stream_counter_V1/AXI_Stream_counter_V1.sdk/design_1_wrapper_hw_platform_0/ps7_init.tcl' is done.
19:27:40 INFO  : Context for 'APU' is selected.
19:27:40 INFO  : Hardware design information is loaded from 'C:/SVN/FPGA/AXI_Stream_counter_V1/AXI_Stream_counter_V1.sdk/design_1_wrapper_hw_platform_0/system.hdf'.
19:27:40 INFO  : 'configparams force-mem-access 1' command is executed.
19:27:40 INFO  : Context for 'APU' is selected.
19:27:40 INFO  : 'stop' command is executed.
19:27:41 INFO  : 'ps7_init' command is executed.
19:27:41 INFO  : 'ps7_post_config' command is executed.
19:27:41 INFO  : Context for processor 'ps7_cortexa9_0' is selected.
19:27:41 INFO  : Processor reset is completed for 'ps7_cortexa9_0'.
19:27:41 INFO  : Context for processor 'ps7_cortexa9_0' is selected.
19:27:41 INFO  : The application 'C:/SVN/FPGA/AXI_Stream_counter_V1/AXI_Stream_counter_V1.sdk/fsbl/Debug/fsbl.elf' is downloaded to processor 'ps7_cortexa9_0'.
19:27:41 INFO  : 'configparams force-mem-access 0' command is executed.
19:27:41 INFO  : ----------------XSDB Script----------------
connect -url tcp:127.0.0.1:3121
source C:/SVN/FPGA/AXI_Stream_counter_V1/AXI_Stream_counter_V1.sdk/design_1_wrapper_hw_platform_0/ps7_init.tcl
targets -set -nocase -filter {name =~"APU*" && jtag_cable_name =~ "Digilent Zybo 210279652415A"} -index 0
loadhw -hw C:/SVN/FPGA/AXI_Stream_counter_V1/AXI_Stream_counter_V1.sdk/design_1_wrapper_hw_platform_0/system.hdf -mem-ranges [list {0x40000000 0xbfffffff}]
configparams force-mem-access 1
targets -set -nocase -filter {name =~"APU*" && jtag_cable_name =~ "Digilent Zybo 210279652415A"} -index 0
stop
ps7_init
ps7_post_config
targets -set -nocase -filter {name =~ "ARM*#0" && jtag_cable_name =~ "Digilent Zybo 210279652415A"} -index 0
rst -processor
targets -set -nocase -filter {name =~ "ARM*#0" && jtag_cable_name =~ "Digilent Zybo 210279652415A"} -index 0
dow C:/SVN/FPGA/AXI_Stream_counter_V1/AXI_Stream_counter_V1.sdk/fsbl/Debug/fsbl.elf
configparams force-mem-access 0
----------------End of Script----------------

19:27:41 INFO  : Memory regions updated for context APU
19:27:41 INFO  : Context for processor 'ps7_cortexa9_0' is selected.
19:27:41 INFO  : 'con' command is executed.
19:27:41 INFO  : ----------------XSDB Script (After Launch)----------------
targets -set -nocase -filter {name =~ "ARM*#0" && jtag_cable_name =~ "Digilent Zybo 210279652415A"} -index 0
con
----------------End of Script----------------

19:27:41 INFO  : Launch script is exported to file 'C:\SVN\FPGA\AXI_Stream_counter_V1\AXI_Stream_counter_V1.sdk\.sdk\launch_scripts\xilinx_c-c++_application_(system_debugger)\system_debugger_using_debug_fsbl.elf_on_local.tcl'
19:28:11 INFO  : Disconnected from the channel tcfchan#1.
19:28:12 INFO  : 'targets -set -filter {jtag_cable_name =~ "Digilent Zybo 210279652415A" && level==0} -index 1' command is executed.
19:28:12 INFO  : 'fpga -state' command is executed.
19:28:12 INFO  : Connected to target on host '127.0.0.1' and port '3121'.
19:28:12 INFO  : Jtag cable 'Digilent Zybo 210279652415A' is selected.
19:28:12 INFO  : 'jtag frequency' command is executed.
19:28:12 INFO  : Sourcing of 'C:/SVN/FPGA/AXI_Stream_counter_V1/AXI_Stream_counter_V1.sdk/design_1_wrapper_hw_platform_0/ps7_init.tcl' is done.
19:28:12 INFO  : Context for 'APU' is selected.
19:28:14 INFO  : Hardware design information is loaded from 'C:/SVN/FPGA/AXI_Stream_counter_V1/AXI_Stream_counter_V1.sdk/design_1_wrapper_hw_platform_0/system.hdf'.
19:28:14 INFO  : 'configparams force-mem-access 1' command is executed.
19:28:14 INFO  : Context for 'APU' is selected.
19:28:14 INFO  : 'stop' command is executed.
19:28:14 INFO  : 'ps7_init' command is executed.
19:28:15 INFO  : 'ps7_post_config' command is executed.
19:28:15 INFO  : Context for processor 'ps7_cortexa9_0' is selected.
19:28:15 INFO  : Processor reset is completed for 'ps7_cortexa9_0'.
19:28:15 INFO  : Context for processor 'ps7_cortexa9_0' is selected.
19:28:15 INFO  : The application 'C:/SVN/FPGA/AXI_Stream_counter_V1/AXI_Stream_counter_V1.sdk/fsbl/Debug/fsbl.elf' is downloaded to processor 'ps7_cortexa9_0'.
19:28:15 INFO  : 'configparams force-mem-access 0' command is executed.
19:28:15 INFO  : ----------------XSDB Script----------------
connect -url tcp:127.0.0.1:3121
source C:/SVN/FPGA/AXI_Stream_counter_V1/AXI_Stream_counter_V1.sdk/design_1_wrapper_hw_platform_0/ps7_init.tcl
targets -set -nocase -filter {name =~"APU*" && jtag_cable_name =~ "Digilent Zybo 210279652415A"} -index 0
loadhw -hw C:/SVN/FPGA/AXI_Stream_counter_V1/AXI_Stream_counter_V1.sdk/design_1_wrapper_hw_platform_0/system.hdf -mem-ranges [list {0x40000000 0xbfffffff}]
configparams force-mem-access 1
targets -set -nocase -filter {name =~"APU*" && jtag_cable_name =~ "Digilent Zybo 210279652415A"} -index 0
stop
ps7_init
ps7_post_config
targets -set -nocase -filter {name =~ "ARM*#0" && jtag_cable_name =~ "Digilent Zybo 210279652415A"} -index 0
rst -processor
targets -set -nocase -filter {name =~ "ARM*#0" && jtag_cable_name =~ "Digilent Zybo 210279652415A"} -index 0
dow C:/SVN/FPGA/AXI_Stream_counter_V1/AXI_Stream_counter_V1.sdk/fsbl/Debug/fsbl.elf
configparams force-mem-access 0
----------------End of Script----------------

19:28:15 INFO  : Memory regions updated for context APU
19:28:15 INFO  : Context for processor 'ps7_cortexa9_0' is selected.
19:28:15 INFO  : 'con' command is executed.
19:28:15 INFO  : ----------------XSDB Script (After Launch)----------------
targets -set -nocase -filter {name =~ "ARM*#0" && jtag_cable_name =~ "Digilent Zybo 210279652415A"} -index 0
con
----------------End of Script----------------

19:28:15 INFO  : Launch script is exported to file 'C:\SVN\FPGA\AXI_Stream_counter_V1\AXI_Stream_counter_V1.sdk\.sdk\launch_scripts\xilinx_c-c++_application_(system_debugger)\system_debugger_using_debug_fsbl.elf_on_local.tcl'
19:28:54 INFO  : Disconnected from the channel tcfchan#2.
19:28:55 INFO  : 'targets -set -filter {jtag_cable_name =~ "Digilent Zybo 210279652415A" && level==0} -index 1' command is executed.
19:28:55 INFO  : 'fpga -state' command is executed.
19:28:55 INFO  : Connected to target on host '127.0.0.1' and port '3121'.
19:28:55 INFO  : Jtag cable 'Digilent Zybo 210279652415A' is selected.
19:28:55 INFO  : 'jtag frequency' command is executed.
19:28:55 INFO  : Sourcing of 'C:/SVN/FPGA/AXI_Stream_counter_V1/AXI_Stream_counter_V1.sdk/design_1_wrapper_hw_platform_0/ps7_init.tcl' is done.
19:28:55 INFO  : Context for 'APU' is selected.
19:28:57 INFO  : Hardware design information is loaded from 'C:/SVN/FPGA/AXI_Stream_counter_V1/AXI_Stream_counter_V1.sdk/design_1_wrapper_hw_platform_0/system.hdf'.
19:28:57 INFO  : 'configparams force-mem-access 1' command is executed.
19:28:57 INFO  : Context for 'APU' is selected.
19:28:57 INFO  : 'stop' command is executed.
19:28:58 INFO  : 'ps7_init' command is executed.
19:28:58 INFO  : 'ps7_post_config' command is executed.
19:28:58 INFO  : Context for processor 'ps7_cortexa9_0' is selected.
19:28:58 INFO  : Processor reset is completed for 'ps7_cortexa9_0'.
19:28:58 INFO  : Context for processor 'ps7_cortexa9_0' is selected.
19:28:58 INFO  : The application 'C:/SVN/FPGA/AXI_Stream_counter_V1/AXI_Stream_counter_V1.sdk/fsbl/Debug/fsbl.elf' is downloaded to processor 'ps7_cortexa9_0'.
19:28:58 INFO  : 'configparams force-mem-access 0' command is executed.
19:28:58 INFO  : ----------------XSDB Script----------------
connect -url tcp:127.0.0.1:3121
source C:/SVN/FPGA/AXI_Stream_counter_V1/AXI_Stream_counter_V1.sdk/design_1_wrapper_hw_platform_0/ps7_init.tcl
targets -set -nocase -filter {name =~"APU*" && jtag_cable_name =~ "Digilent Zybo 210279652415A"} -index 0
loadhw -hw C:/SVN/FPGA/AXI_Stream_counter_V1/AXI_Stream_counter_V1.sdk/design_1_wrapper_hw_platform_0/system.hdf -mem-ranges [list {0x40000000 0xbfffffff}]
configparams force-mem-access 1
targets -set -nocase -filter {name =~"APU*" && jtag_cable_name =~ "Digilent Zybo 210279652415A"} -index 0
stop
ps7_init
ps7_post_config
targets -set -nocase -filter {name =~ "ARM*#0" && jtag_cable_name =~ "Digilent Zybo 210279652415A"} -index 0
rst -processor
targets -set -nocase -filter {name =~ "ARM*#0" && jtag_cable_name =~ "Digilent Zybo 210279652415A"} -index 0
dow C:/SVN/FPGA/AXI_Stream_counter_V1/AXI_Stream_counter_V1.sdk/fsbl/Debug/fsbl.elf
configparams force-mem-access 0
----------------End of Script----------------

19:28:58 INFO  : Memory regions updated for context APU
19:28:58 INFO  : Context for processor 'ps7_cortexa9_0' is selected.
19:28:58 INFO  : 'con' command is executed.
19:28:58 INFO  : ----------------XSDB Script (After Launch)----------------
targets -set -nocase -filter {name =~ "ARM*#0" && jtag_cable_name =~ "Digilent Zybo 210279652415A"} -index 0
con
----------------End of Script----------------

19:28:58 INFO  : Launch script is exported to file 'C:\SVN\FPGA\AXI_Stream_counter_V1\AXI_Stream_counter_V1.sdk\.sdk\launch_scripts\xilinx_c-c++_application_(system_debugger)\system_debugger_using_debug_fsbl.elf_on_local.tcl'
19:36:49 INFO  : Disconnected from the channel tcfchan#3.
19:36:50 INFO  : 'targets -set -filter {jtag_cable_name =~ "Digilent Zybo 210279652415A" && level==0} -index 1' command is executed.
19:36:50 INFO  : 'fpga -state' command is executed.
19:36:50 INFO  : Connected to target on host '127.0.0.1' and port '3121'.
19:36:50 INFO  : Jtag cable 'Digilent Zybo 210279652415A' is selected.
19:36:50 INFO  : 'jtag frequency' command is executed.
19:36:50 INFO  : Sourcing of 'C:/SVN/FPGA/AXI_Stream_counter_V1/AXI_Stream_counter_V1.sdk/design_1_wrapper_hw_platform_0/ps7_init.tcl' is done.
19:36:50 INFO  : Context for 'APU' is selected.
19:36:53 INFO  : Hardware design information is loaded from 'C:/SVN/FPGA/AXI_Stream_counter_V1/AXI_Stream_counter_V1.sdk/design_1_wrapper_hw_platform_0/system.hdf'.
19:36:53 INFO  : 'configparams force-mem-access 1' command is executed.
19:36:53 INFO  : Context for 'APU' is selected.
19:36:53 INFO  : 'stop' command is executed.
19:36:53 INFO  : 'ps7_init' command is executed.
19:36:53 INFO  : 'ps7_post_config' command is executed.
19:36:53 INFO  : Context for processor 'ps7_cortexa9_0' is selected.
19:36:53 INFO  : Processor reset is completed for 'ps7_cortexa9_0'.
19:36:53 INFO  : Context for processor 'ps7_cortexa9_0' is selected.
19:36:53 INFO  : The application 'C:/SVN/FPGA/AXI_Stream_counter_V1/AXI_Stream_counter_V1.sdk/fsbl/Debug/fsbl.elf' is downloaded to processor 'ps7_cortexa9_0'.
19:36:53 INFO  : 'configparams force-mem-access 0' command is executed.
19:36:53 INFO  : ----------------XSDB Script----------------
connect -url tcp:127.0.0.1:3121
source C:/SVN/FPGA/AXI_Stream_counter_V1/AXI_Stream_counter_V1.sdk/design_1_wrapper_hw_platform_0/ps7_init.tcl
targets -set -nocase -filter {name =~"APU*" && jtag_cable_name =~ "Digilent Zybo 210279652415A"} -index 0
loadhw -hw C:/SVN/FPGA/AXI_Stream_counter_V1/AXI_Stream_counter_V1.sdk/design_1_wrapper_hw_platform_0/system.hdf -mem-ranges [list {0x40000000 0xbfffffff}]
configparams force-mem-access 1
targets -set -nocase -filter {name =~"APU*" && jtag_cable_name =~ "Digilent Zybo 210279652415A"} -index 0
stop
ps7_init
ps7_post_config
targets -set -nocase -filter {name =~ "ARM*#0" && jtag_cable_name =~ "Digilent Zybo 210279652415A"} -index 0
rst -processor
targets -set -nocase -filter {name =~ "ARM*#0" && jtag_cable_name =~ "Digilent Zybo 210279652415A"} -index 0
dow C:/SVN/FPGA/AXI_Stream_counter_V1/AXI_Stream_counter_V1.sdk/fsbl/Debug/fsbl.elf
configparams force-mem-access 0
----------------End of Script----------------

19:36:53 INFO  : Memory regions updated for context APU
19:36:53 INFO  : Context for processor 'ps7_cortexa9_0' is selected.
19:36:53 INFO  : 'con' command is executed.
19:36:53 INFO  : ----------------XSDB Script (After Launch)----------------
targets -set -nocase -filter {name =~ "ARM*#0" && jtag_cable_name =~ "Digilent Zybo 210279652415A"} -index 0
con
----------------End of Script----------------

19:36:53 INFO  : Launch script is exported to file 'C:\SVN\FPGA\AXI_Stream_counter_V1\AXI_Stream_counter_V1.sdk\.sdk\launch_scripts\xilinx_c-c++_application_(system_debugger)\system_debugger_using_debug_fsbl.elf_on_local.tcl'
19:37:28 INFO  : Disconnected from the channel tcfchan#4.
19:37:29 INFO  : 'targets -set -filter {jtag_cable_name =~ "Digilent Zybo 210279652415A" && level==0} -index 1' command is executed.
19:37:29 INFO  : 'fpga -state' command is executed.
19:37:29 INFO  : Connected to target on host '127.0.0.1' and port '3121'.
19:37:29 INFO  : Jtag cable 'Digilent Zybo 210279652415A' is selected.
19:37:29 INFO  : 'jtag frequency' command is executed.
19:37:29 INFO  : Sourcing of 'C:/SVN/FPGA/AXI_Stream_counter_V1/AXI_Stream_counter_V1.sdk/design_1_wrapper_hw_platform_0/ps7_init.tcl' is done.
19:37:29 INFO  : Context for 'APU' is selected.
19:37:31 INFO  : Hardware design information is loaded from 'C:/SVN/FPGA/AXI_Stream_counter_V1/AXI_Stream_counter_V1.sdk/design_1_wrapper_hw_platform_0/system.hdf'.
19:37:31 INFO  : 'configparams force-mem-access 1' command is executed.
19:37:31 INFO  : Context for 'APU' is selected.
19:37:31 INFO  : 'stop' command is executed.
19:37:31 INFO  : 'ps7_init' command is executed.
19:37:31 INFO  : 'ps7_post_config' command is executed.
19:37:31 INFO  : Context for processor 'ps7_cortexa9_0' is selected.
19:37:31 INFO  : Processor reset is completed for 'ps7_cortexa9_0'.
19:37:31 INFO  : Context for processor 'ps7_cortexa9_0' is selected.
19:37:32 INFO  : The application 'C:/SVN/FPGA/AXI_Stream_counter_V1/AXI_Stream_counter_V1.sdk/fsbl/Debug/fsbl.elf' is downloaded to processor 'ps7_cortexa9_0'.
19:37:32 INFO  : 'configparams force-mem-access 0' command is executed.
19:37:32 INFO  : ----------------XSDB Script----------------
connect -url tcp:127.0.0.1:3121
source C:/SVN/FPGA/AXI_Stream_counter_V1/AXI_Stream_counter_V1.sdk/design_1_wrapper_hw_platform_0/ps7_init.tcl
targets -set -nocase -filter {name =~"APU*" && jtag_cable_name =~ "Digilent Zybo 210279652415A"} -index 0
loadhw -hw C:/SVN/FPGA/AXI_Stream_counter_V1/AXI_Stream_counter_V1.sdk/design_1_wrapper_hw_platform_0/system.hdf -mem-ranges [list {0x40000000 0xbfffffff}]
configparams force-mem-access 1
targets -set -nocase -filter {name =~"APU*" && jtag_cable_name =~ "Digilent Zybo 210279652415A"} -index 0
stop
ps7_init
ps7_post_config
targets -set -nocase -filter {name =~ "ARM*#0" && jtag_cable_name =~ "Digilent Zybo 210279652415A"} -index 0
rst -processor
targets -set -nocase -filter {name =~ "ARM*#0" && jtag_cable_name =~ "Digilent Zybo 210279652415A"} -index 0
dow C:/SVN/FPGA/AXI_Stream_counter_V1/AXI_Stream_counter_V1.sdk/fsbl/Debug/fsbl.elf
configparams force-mem-access 0
----------------End of Script----------------

19:37:32 INFO  : Memory regions updated for context APU
19:37:32 INFO  : Context for processor 'ps7_cortexa9_0' is selected.
19:37:32 INFO  : 'con' command is executed.
19:37:32 INFO  : ----------------XSDB Script (After Launch)----------------
targets -set -nocase -filter {name =~ "ARM*#0" && jtag_cable_name =~ "Digilent Zybo 210279652415A"} -index 0
con
----------------End of Script----------------

19:37:32 INFO  : Launch script is exported to file 'C:\SVN\FPGA\AXI_Stream_counter_V1\AXI_Stream_counter_V1.sdk\.sdk\launch_scripts\xilinx_c-c++_application_(system_debugger)\system_debugger_using_debug_fsbl.elf_on_local.tcl'
19:38:44 INFO  : Disconnected from the channel tcfchan#5.
19:38:45 INFO  : 'targets -set -filter {jtag_cable_name =~ "Digilent Zybo 210279652415A" && level==0} -index 1' command is executed.
19:38:45 INFO  : 'fpga -state' command is executed.
19:38:45 INFO  : Connected to target on host '127.0.0.1' and port '3121'.
19:38:46 INFO  : Jtag cable 'Digilent Zybo 210279652415A' is selected.
19:38:46 INFO  : 'jtag frequency' command is executed.
19:38:46 INFO  : Sourcing of 'C:/SVN/FPGA/AXI_Stream_counter_V1/AXI_Stream_counter_V1.sdk/design_1_wrapper_hw_platform_0/ps7_init.tcl' is done.
19:38:46 INFO  : Context for 'APU' is selected.
19:38:48 INFO  : Hardware design information is loaded from 'C:/SVN/FPGA/AXI_Stream_counter_V1/AXI_Stream_counter_V1.sdk/design_1_wrapper_hw_platform_0/system.hdf'.
19:38:48 INFO  : 'configparams force-mem-access 1' command is executed.
19:38:48 INFO  : Context for 'APU' is selected.
19:38:48 INFO  : 'stop' command is executed.
19:38:48 INFO  : 'ps7_init' command is executed.
19:38:48 INFO  : 'ps7_post_config' command is executed.
19:38:48 INFO  : Context for processor 'ps7_cortexa9_0' is selected.
19:38:48 INFO  : Processor reset is completed for 'ps7_cortexa9_0'.
19:38:48 INFO  : Context for processor 'ps7_cortexa9_0' is selected.
19:38:48 INFO  : The application 'C:/SVN/FPGA/AXI_Stream_counter_V1/AXI_Stream_counter_V1.sdk/fsbl/Debug/fsbl.elf' is downloaded to processor 'ps7_cortexa9_0'.
19:38:48 INFO  : 'configparams force-mem-access 0' command is executed.
19:38:48 INFO  : ----------------XSDB Script----------------
connect -url tcp:127.0.0.1:3121
source C:/SVN/FPGA/AXI_Stream_counter_V1/AXI_Stream_counter_V1.sdk/design_1_wrapper_hw_platform_0/ps7_init.tcl
targets -set -nocase -filter {name =~"APU*" && jtag_cable_name =~ "Digilent Zybo 210279652415A"} -index 0
loadhw -hw C:/SVN/FPGA/AXI_Stream_counter_V1/AXI_Stream_counter_V1.sdk/design_1_wrapper_hw_platform_0/system.hdf -mem-ranges [list {0x40000000 0xbfffffff}]
configparams force-mem-access 1
targets -set -nocase -filter {name =~"APU*" && jtag_cable_name =~ "Digilent Zybo 210279652415A"} -index 0
stop
ps7_init
ps7_post_config
targets -set -nocase -filter {name =~ "ARM*#0" && jtag_cable_name =~ "Digilent Zybo 210279652415A"} -index 0
rst -processor
targets -set -nocase -filter {name =~ "ARM*#0" && jtag_cable_name =~ "Digilent Zybo 210279652415A"} -index 0
dow C:/SVN/FPGA/AXI_Stream_counter_V1/AXI_Stream_counter_V1.sdk/fsbl/Debug/fsbl.elf
configparams force-mem-access 0
----------------End of Script----------------

19:38:48 INFO  : Memory regions updated for context APU
19:38:48 INFO  : Context for processor 'ps7_cortexa9_0' is selected.
19:38:48 INFO  : 'con' command is executed.
19:38:48 INFO  : ----------------XSDB Script (After Launch)----------------
targets -set -nocase -filter {name =~ "ARM*#0" && jtag_cable_name =~ "Digilent Zybo 210279652415A"} -index 0
con
----------------End of Script----------------

19:38:48 INFO  : Launch script is exported to file 'C:\SVN\FPGA\AXI_Stream_counter_V1\AXI_Stream_counter_V1.sdk\.sdk\launch_scripts\xilinx_c-c++_application_(system_debugger)\system_debugger_using_debug_fsbl.elf_on_local.tcl'
19:40:04 INFO  : Disconnected from the channel tcfchan#6.
19:40:05 INFO  : 'targets -set -filter {jtag_cable_name =~ "Digilent Zybo 210279652415A" && level==0} -index 1' command is executed.
19:40:05 INFO  : 'fpga -state' command is executed.
19:40:05 INFO  : Connected to target on host '127.0.0.1' and port '3121'.
19:40:05 INFO  : Jtag cable 'Digilent Zybo 210279652415A' is selected.
19:40:05 INFO  : 'jtag frequency' command is executed.
19:40:05 INFO  : Sourcing of 'C:/SVN/FPGA/AXI_Stream_counter_V1/AXI_Stream_counter_V1.sdk/design_1_wrapper_hw_platform_0/ps7_init.tcl' is done.
19:40:05 INFO  : Context for 'APU' is selected.
19:40:07 INFO  : Hardware design information is loaded from 'C:/SVN/FPGA/AXI_Stream_counter_V1/AXI_Stream_counter_V1.sdk/design_1_wrapper_hw_platform_0/system.hdf'.
19:40:07 INFO  : 'configparams force-mem-access 1' command is executed.
19:40:07 INFO  : Context for 'APU' is selected.
19:40:08 INFO  : 'stop' command is executed.
19:40:08 INFO  : 'ps7_init' command is executed.
19:40:08 INFO  : 'ps7_post_config' command is executed.
19:40:08 INFO  : Context for processor 'ps7_cortexa9_0' is selected.
19:40:08 INFO  : Processor reset is completed for 'ps7_cortexa9_0'.
19:40:08 INFO  : Context for processor 'ps7_cortexa9_0' is selected.
19:40:08 INFO  : The application 'C:/SVN/FPGA/AXI_Stream_counter_V1/AXI_Stream_counter_V1.sdk/fsbl/Debug/fsbl.elf' is downloaded to processor 'ps7_cortexa9_0'.
19:40:08 INFO  : 'configparams force-mem-access 0' command is executed.
19:40:08 INFO  : ----------------XSDB Script----------------
connect -url tcp:127.0.0.1:3121
source C:/SVN/FPGA/AXI_Stream_counter_V1/AXI_Stream_counter_V1.sdk/design_1_wrapper_hw_platform_0/ps7_init.tcl
targets -set -nocase -filter {name =~"APU*" && jtag_cable_name =~ "Digilent Zybo 210279652415A"} -index 0
loadhw -hw C:/SVN/FPGA/AXI_Stream_counter_V1/AXI_Stream_counter_V1.sdk/design_1_wrapper_hw_platform_0/system.hdf -mem-ranges [list {0x40000000 0xbfffffff}]
configparams force-mem-access 1
targets -set -nocase -filter {name =~"APU*" && jtag_cable_name =~ "Digilent Zybo 210279652415A"} -index 0
stop
ps7_init
ps7_post_config
targets -set -nocase -filter {name =~ "ARM*#0" && jtag_cable_name =~ "Digilent Zybo 210279652415A"} -index 0
rst -processor
targets -set -nocase -filter {name =~ "ARM*#0" && jtag_cable_name =~ "Digilent Zybo 210279652415A"} -index 0
dow C:/SVN/FPGA/AXI_Stream_counter_V1/AXI_Stream_counter_V1.sdk/fsbl/Debug/fsbl.elf
configparams force-mem-access 0
----------------End of Script----------------

19:40:08 INFO  : Memory regions updated for context APU
19:40:08 INFO  : Context for processor 'ps7_cortexa9_0' is selected.
19:40:08 INFO  : 'con' command is executed.
19:40:08 INFO  : ----------------XSDB Script (After Launch)----------------
targets -set -nocase -filter {name =~ "ARM*#0" && jtag_cable_name =~ "Digilent Zybo 210279652415A"} -index 0
con
----------------End of Script----------------

19:40:08 INFO  : Launch script is exported to file 'C:\SVN\FPGA\AXI_Stream_counter_V1\AXI_Stream_counter_V1.sdk\.sdk\launch_scripts\xilinx_c-c++_application_(system_debugger)\system_debugger_using_debug_fsbl.elf_on_local.tcl'
19:40:57 INFO  : Disconnected from the channel tcfchan#7.
19:40:58 INFO  : 'targets -set -filter {jtag_cable_name =~ "Digilent Zybo 210279652415A" && level==0} -index 1' command is executed.
19:40:58 INFO  : 'fpga -state' command is executed.
19:40:58 INFO  : Connected to target on host '127.0.0.1' and port '3121'.
19:40:58 INFO  : Jtag cable 'Digilent Zybo 210279652415A' is selected.
19:40:58 INFO  : 'jtag frequency' command is executed.
19:40:58 INFO  : Sourcing of 'C:/SVN/FPGA/AXI_Stream_counter_V1/AXI_Stream_counter_V1.sdk/design_1_wrapper_hw_platform_0/ps7_init.tcl' is done.
19:40:58 INFO  : Context for 'APU' is selected.
19:41:01 INFO  : Hardware design information is loaded from 'C:/SVN/FPGA/AXI_Stream_counter_V1/AXI_Stream_counter_V1.sdk/design_1_wrapper_hw_platform_0/system.hdf'.
19:41:01 INFO  : 'configparams force-mem-access 1' command is executed.
19:41:01 INFO  : Context for 'APU' is selected.
19:41:01 INFO  : 'stop' command is executed.
19:41:01 INFO  : 'ps7_init' command is executed.
19:41:01 INFO  : 'ps7_post_config' command is executed.
19:41:01 INFO  : Context for processor 'ps7_cortexa9_0' is selected.
19:41:01 INFO  : Processor reset is completed for 'ps7_cortexa9_0'.
19:41:01 INFO  : Context for processor 'ps7_cortexa9_0' is selected.
19:41:01 INFO  : The application 'C:/SVN/FPGA/AXI_Stream_counter_V1/AXI_Stream_counter_V1.sdk/hello_world/Debug/hello_world.elf' is downloaded to processor 'ps7_cortexa9_0'.
19:41:01 INFO  : 'configparams force-mem-access 0' command is executed.
19:41:01 INFO  : ----------------XSDB Script----------------
connect -url tcp:127.0.0.1:3121
source C:/SVN/FPGA/AXI_Stream_counter_V1/AXI_Stream_counter_V1.sdk/design_1_wrapper_hw_platform_0/ps7_init.tcl
targets -set -nocase -filter {name =~"APU*" && jtag_cable_name =~ "Digilent Zybo 210279652415A"} -index 0
loadhw -hw C:/SVN/FPGA/AXI_Stream_counter_V1/AXI_Stream_counter_V1.sdk/design_1_wrapper_hw_platform_0/system.hdf -mem-ranges [list {0x40000000 0xbfffffff}]
configparams force-mem-access 1
targets -set -nocase -filter {name =~"APU*" && jtag_cable_name =~ "Digilent Zybo 210279652415A"} -index 0
stop
ps7_init
ps7_post_config
targets -set -nocase -filter {name =~ "ARM*#0" && jtag_cable_name =~ "Digilent Zybo 210279652415A"} -index 0
rst -processor
targets -set -nocase -filter {name =~ "ARM*#0" && jtag_cable_name =~ "Digilent Zybo 210279652415A"} -index 0
dow C:/SVN/FPGA/AXI_Stream_counter_V1/AXI_Stream_counter_V1.sdk/hello_world/Debug/hello_world.elf
configparams force-mem-access 0
----------------End of Script----------------

19:41:01 INFO  : Memory regions updated for context APU
19:41:01 INFO  : Context for processor 'ps7_cortexa9_0' is selected.
19:41:01 INFO  : 'con' command is executed.
19:41:01 INFO  : ----------------XSDB Script (After Launch)----------------
targets -set -nocase -filter {name =~ "ARM*#0" && jtag_cable_name =~ "Digilent Zybo 210279652415A"} -index 0
con
----------------End of Script----------------

19:41:01 INFO  : Launch script is exported to file 'C:\SVN\FPGA\AXI_Stream_counter_V1\AXI_Stream_counter_V1.sdk\.sdk\launch_scripts\xilinx_c-c++_application_(system_debugger)\system_debugger_using_debug_hello_world.elf_on_local.tcl'
19:41:28 INFO  : Disconnected from the channel tcfchan#8.
19:41:56 INFO  : 'targets -set -filter {jtag_cable_name =~ "Digilent Zybo 210279652415A" && level==0} -index 1' command is executed.
19:41:56 INFO  : 'fpga -state' command is executed.
19:41:56 INFO  : Connected to target on host '127.0.0.1' and port '3121'.
19:41:56 INFO  : Jtag cable 'Digilent Zybo 210279652415A' is selected.
19:41:56 INFO  : 'jtag frequency' command is executed.
19:41:56 INFO  : Sourcing of 'C:/SVN/FPGA/AXI_Stream_counter_V1/AXI_Stream_counter_V1.sdk/design_1_wrapper_hw_platform_0/ps7_init.tcl' is done.
19:41:56 INFO  : Context for 'APU' is selected.
19:41:56 INFO  : Hardware design information is loaded from 'C:/SVN/FPGA/AXI_Stream_counter_V1/AXI_Stream_counter_V1.sdk/design_1_wrapper_hw_platform_0/system.hdf'.
19:41:56 INFO  : 'configparams force-mem-access 1' command is executed.
19:41:56 INFO  : Context for 'APU' is selected.
19:41:56 INFO  : 'stop' command is executed.
19:41:57 INFO  : 'ps7_init' command is executed.
19:41:57 INFO  : 'ps7_post_config' command is executed.
19:41:57 INFO  : Context for processor 'ps7_cortexa9_0' is selected.
19:41:57 INFO  : Processor reset is completed for 'ps7_cortexa9_0'.
19:41:57 INFO  : Context for processor 'ps7_cortexa9_0' is selected.
19:41:57 INFO  : The application 'C:/SVN/FPGA/AXI_Stream_counter_V1/AXI_Stream_counter_V1.sdk/hello_world/Debug/hello_world.elf' is downloaded to processor 'ps7_cortexa9_0'.
19:41:57 INFO  : 'configparams force-mem-access 0' command is executed.
19:41:57 INFO  : ----------------XSDB Script----------------
connect -url tcp:127.0.0.1:3121
source C:/SVN/FPGA/AXI_Stream_counter_V1/AXI_Stream_counter_V1.sdk/design_1_wrapper_hw_platform_0/ps7_init.tcl
targets -set -nocase -filter {name =~"APU*" && jtag_cable_name =~ "Digilent Zybo 210279652415A"} -index 0
loadhw -hw C:/SVN/FPGA/AXI_Stream_counter_V1/AXI_Stream_counter_V1.sdk/design_1_wrapper_hw_platform_0/system.hdf -mem-ranges [list {0x40000000 0xbfffffff}]
configparams force-mem-access 1
targets -set -nocase -filter {name =~"APU*" && jtag_cable_name =~ "Digilent Zybo 210279652415A"} -index 0
stop
ps7_init
ps7_post_config
targets -set -nocase -filter {name =~ "ARM*#0" && jtag_cable_name =~ "Digilent Zybo 210279652415A"} -index 0
rst -processor
targets -set -nocase -filter {name =~ "ARM*#0" && jtag_cable_name =~ "Digilent Zybo 210279652415A"} -index 0
dow C:/SVN/FPGA/AXI_Stream_counter_V1/AXI_Stream_counter_V1.sdk/hello_world/Debug/hello_world.elf
configparams force-mem-access 0
----------------End of Script----------------

19:41:57 INFO  : Memory regions updated for context APU
19:41:57 INFO  : Context for processor 'ps7_cortexa9_0' is selected.
19:41:57 INFO  : 'con' command is executed.
19:41:57 INFO  : ----------------XSDB Script (After Launch)----------------
targets -set -nocase -filter {name =~ "ARM*#0" && jtag_cable_name =~ "Digilent Zybo 210279652415A"} -index 0
con
----------------End of Script----------------

19:41:57 INFO  : Launch script is exported to file 'C:\SVN\FPGA\AXI_Stream_counter_V1\AXI_Stream_counter_V1.sdk\.sdk\launch_scripts\xilinx_c-c++_application_(system_debugger)\system_debugger_using_debug_hello_world.elf_on_local.tcl'
19:42:32 INFO  : Disconnected from the channel tcfchan#9.
19:42:33 INFO  : 'targets -set -filter {jtag_cable_name =~ "Digilent Zybo 210279652415A" && level==0} -index 1' command is executed.
19:42:33 INFO  : 'fpga -state' command is executed.
19:42:33 INFO  : Connected to target on host '127.0.0.1' and port '3121'.
19:42:33 INFO  : Jtag cable 'Digilent Zybo 210279652415A' is selected.
19:42:33 INFO  : 'jtag frequency' command is executed.
19:42:33 INFO  : Sourcing of 'C:/SVN/FPGA/AXI_Stream_counter_V1/AXI_Stream_counter_V1.sdk/design_1_wrapper_hw_platform_0/ps7_init.tcl' is done.
19:42:33 INFO  : Context for 'APU' is selected.
19:42:35 INFO  : Hardware design information is loaded from 'C:/SVN/FPGA/AXI_Stream_counter_V1/AXI_Stream_counter_V1.sdk/design_1_wrapper_hw_platform_0/system.hdf'.
19:42:35 INFO  : 'configparams force-mem-access 1' command is executed.
19:42:35 INFO  : Context for 'APU' is selected.
19:42:35 INFO  : 'stop' command is executed.
19:42:35 INFO  : 'ps7_init' command is executed.
19:42:35 INFO  : 'ps7_post_config' command is executed.
19:42:36 INFO  : Context for processor 'ps7_cortexa9_0' is selected.
19:42:36 INFO  : Processor reset is completed for 'ps7_cortexa9_0'.
19:42:36 INFO  : Context for processor 'ps7_cortexa9_0' is selected.
19:42:36 INFO  : The application 'C:/SVN/FPGA/AXI_Stream_counter_V1/AXI_Stream_counter_V1.sdk/fsbl/Debug/fsbl.elf' is downloaded to processor 'ps7_cortexa9_0'.
19:42:36 INFO  : 'configparams force-mem-access 0' command is executed.
19:42:36 INFO  : ----------------XSDB Script----------------
connect -url tcp:127.0.0.1:3121
source C:/SVN/FPGA/AXI_Stream_counter_V1/AXI_Stream_counter_V1.sdk/design_1_wrapper_hw_platform_0/ps7_init.tcl
targets -set -nocase -filter {name =~"APU*" && jtag_cable_name =~ "Digilent Zybo 210279652415A"} -index 0
loadhw -hw C:/SVN/FPGA/AXI_Stream_counter_V1/AXI_Stream_counter_V1.sdk/design_1_wrapper_hw_platform_0/system.hdf -mem-ranges [list {0x40000000 0xbfffffff}]
configparams force-mem-access 1
targets -set -nocase -filter {name =~"APU*" && jtag_cable_name =~ "Digilent Zybo 210279652415A"} -index 0
stop
ps7_init
ps7_post_config
targets -set -nocase -filter {name =~ "ARM*#0" && jtag_cable_name =~ "Digilent Zybo 210279652415A"} -index 0
rst -processor
targets -set -nocase -filter {name =~ "ARM*#0" && jtag_cable_name =~ "Digilent Zybo 210279652415A"} -index 0
dow C:/SVN/FPGA/AXI_Stream_counter_V1/AXI_Stream_counter_V1.sdk/fsbl/Debug/fsbl.elf
configparams force-mem-access 0
----------------End of Script----------------

19:42:36 INFO  : Memory regions updated for context APU
19:42:36 INFO  : Context for processor 'ps7_cortexa9_0' is selected.
19:42:36 INFO  : 'con' command is executed.
19:42:36 INFO  : ----------------XSDB Script (After Launch)----------------
targets -set -nocase -filter {name =~ "ARM*#0" && jtag_cable_name =~ "Digilent Zybo 210279652415A"} -index 0
con
----------------End of Script----------------

19:42:36 INFO  : Launch script is exported to file 'C:\SVN\FPGA\AXI_Stream_counter_V1\AXI_Stream_counter_V1.sdk\.sdk\launch_scripts\xilinx_c-c++_application_(system_debugger)\system_debugger_using_debug_fsbl.elf_on_local.tcl'
21:46:33 INFO  : Disconnected from the channel tcfchan#10.
21:46:34 INFO  : 'targets -set -filter {jtag_cable_name =~ "Digilent Zybo 210279652415A" && level==0} -index 1' command is executed.
21:46:34 INFO  : 'fpga -state' command is executed.
21:46:34 INFO  : Connected to target on host '127.0.0.1' and port '3121'.
21:46:34 INFO  : Jtag cable 'Digilent Zybo 210279652415A' is selected.
21:46:34 INFO  : 'jtag frequency' command is executed.
21:46:34 INFO  : Sourcing of 'C:/SVN/FPGA/AXI_Stream_counter_V1/AXI_Stream_counter_V1.sdk/design_1_wrapper_hw_platform_0/ps7_init.tcl' is done.
21:46:34 INFO  : Context for 'APU' is selected.
21:46:36 INFO  : Hardware design information is loaded from 'C:/SVN/FPGA/AXI_Stream_counter_V1/AXI_Stream_counter_V1.sdk/design_1_wrapper_hw_platform_0/system.hdf'.
21:46:36 INFO  : 'configparams force-mem-access 1' command is executed.
21:46:36 INFO  : Context for 'APU' is selected.
21:46:36 INFO  : 'stop' command is executed.
21:46:37 INFO  : 'ps7_init' command is executed.
21:46:37 INFO  : 'ps7_post_config' command is executed.
21:46:37 INFO  : Context for processor 'ps7_cortexa9_0' is selected.
21:46:37 INFO  : Processor reset is completed for 'ps7_cortexa9_0'.
21:46:37 INFO  : Context for processor 'ps7_cortexa9_0' is selected.
21:46:37 INFO  : The application 'C:/SVN/FPGA/AXI_Stream_counter_V1/AXI_Stream_counter_V1.sdk/hello_world/Debug/hello_world.elf' is downloaded to processor 'ps7_cortexa9_0'.
21:46:37 INFO  : 'configparams force-mem-access 0' command is executed.
21:46:37 INFO  : ----------------XSDB Script----------------
connect -url tcp:127.0.0.1:3121
source C:/SVN/FPGA/AXI_Stream_counter_V1/AXI_Stream_counter_V1.sdk/design_1_wrapper_hw_platform_0/ps7_init.tcl
targets -set -nocase -filter {name =~"APU*" && jtag_cable_name =~ "Digilent Zybo 210279652415A"} -index 0
loadhw -hw C:/SVN/FPGA/AXI_Stream_counter_V1/AXI_Stream_counter_V1.sdk/design_1_wrapper_hw_platform_0/system.hdf -mem-ranges [list {0x40000000 0xbfffffff}]
configparams force-mem-access 1
targets -set -nocase -filter {name =~"APU*" && jtag_cable_name =~ "Digilent Zybo 210279652415A"} -index 0
stop
ps7_init
ps7_post_config
targets -set -nocase -filter {name =~ "ARM*#0" && jtag_cable_name =~ "Digilent Zybo 210279652415A"} -index 0
rst -processor
targets -set -nocase -filter {name =~ "ARM*#0" && jtag_cable_name =~ "Digilent Zybo 210279652415A"} -index 0
dow C:/SVN/FPGA/AXI_Stream_counter_V1/AXI_Stream_counter_V1.sdk/hello_world/Debug/hello_world.elf
configparams force-mem-access 0
----------------End of Script----------------

21:46:37 INFO  : Memory regions updated for context APU
21:46:37 INFO  : Context for processor 'ps7_cortexa9_0' is selected.
21:46:37 INFO  : 'con' command is executed.
21:46:37 INFO  : ----------------XSDB Script (After Launch)----------------
targets -set -nocase -filter {name =~ "ARM*#0" && jtag_cable_name =~ "Digilent Zybo 210279652415A"} -index 0
con
----------------End of Script----------------

21:46:37 INFO  : Launch script is exported to file 'C:\SVN\FPGA\AXI_Stream_counter_V1\AXI_Stream_counter_V1.sdk\.sdk\launch_scripts\xilinx_c-c++_application_(system_debugger)\system_debugger_using_debug_hello_world.elf_on_local.tcl'
21:49:10 INFO  : Disconnected from the channel tcfchan#11.
21:49:11 INFO  : 'targets -set -filter {jtag_cable_name =~ "Digilent Zybo 210279652415A" && level==0} -index 1' command is executed.
21:49:11 INFO  : 'fpga -state' command is executed.
21:49:11 INFO  : Connected to target on host '127.0.0.1' and port '3121'.
21:49:11 INFO  : Jtag cable 'Digilent Zybo 210279652415A' is selected.
21:49:11 INFO  : 'jtag frequency' command is executed.
21:49:11 INFO  : Sourcing of 'C:/SVN/FPGA/AXI_Stream_counter_V1/AXI_Stream_counter_V1.sdk/design_1_wrapper_hw_platform_0/ps7_init.tcl' is done.
21:49:11 INFO  : Context for 'APU' is selected.
21:49:14 INFO  : Hardware design information is loaded from 'C:/SVN/FPGA/AXI_Stream_counter_V1/AXI_Stream_counter_V1.sdk/design_1_wrapper_hw_platform_0/system.hdf'.
21:49:14 INFO  : 'configparams force-mem-access 1' command is executed.
21:49:14 INFO  : Context for 'APU' is selected.
21:49:14 INFO  : 'stop' command is executed.
21:49:14 INFO  : 'ps7_init' command is executed.
21:49:14 INFO  : 'ps7_post_config' command is executed.
21:49:14 INFO  : Context for processor 'ps7_cortexa9_0' is selected.
21:49:14 INFO  : Processor reset is completed for 'ps7_cortexa9_0'.
21:49:14 INFO  : Context for processor 'ps7_cortexa9_0' is selected.
21:49:14 INFO  : The application 'C:/SVN/FPGA/AXI_Stream_counter_V1/AXI_Stream_counter_V1.sdk/hello_world/Debug/hello_world.elf' is downloaded to processor 'ps7_cortexa9_0'.
21:49:14 INFO  : 'configparams force-mem-access 0' command is executed.
21:49:14 INFO  : ----------------XSDB Script----------------
connect -url tcp:127.0.0.1:3121
source C:/SVN/FPGA/AXI_Stream_counter_V1/AXI_Stream_counter_V1.sdk/design_1_wrapper_hw_platform_0/ps7_init.tcl
targets -set -nocase -filter {name =~"APU*" && jtag_cable_name =~ "Digilent Zybo 210279652415A"} -index 0
loadhw -hw C:/SVN/FPGA/AXI_Stream_counter_V1/AXI_Stream_counter_V1.sdk/design_1_wrapper_hw_platform_0/system.hdf -mem-ranges [list {0x40000000 0xbfffffff}]
configparams force-mem-access 1
targets -set -nocase -filter {name =~"APU*" && jtag_cable_name =~ "Digilent Zybo 210279652415A"} -index 0
stop
ps7_init
ps7_post_config
targets -set -nocase -filter {name =~ "ARM*#0" && jtag_cable_name =~ "Digilent Zybo 210279652415A"} -index 0
rst -processor
targets -set -nocase -filter {name =~ "ARM*#0" && jtag_cable_name =~ "Digilent Zybo 210279652415A"} -index 0
dow C:/SVN/FPGA/AXI_Stream_counter_V1/AXI_Stream_counter_V1.sdk/hello_world/Debug/hello_world.elf
configparams force-mem-access 0
----------------End of Script----------------

21:49:14 INFO  : Memory regions updated for context APU
21:49:14 INFO  : Context for processor 'ps7_cortexa9_0' is selected.
21:49:14 INFO  : 'con' command is executed.
21:49:14 INFO  : ----------------XSDB Script (After Launch)----------------
targets -set -nocase -filter {name =~ "ARM*#0" && jtag_cable_name =~ "Digilent Zybo 210279652415A"} -index 0
con
----------------End of Script----------------

21:49:14 INFO  : Launch script is exported to file 'C:\SVN\FPGA\AXI_Stream_counter_V1\AXI_Stream_counter_V1.sdk\.sdk\launch_scripts\xilinx_c-c++_application_(system_debugger)\system_debugger_using_debug_hello_world.elf_on_local.tcl'
21:49:39 INFO  : Disconnected from the channel tcfchan#12.
21:49:40 INFO  : 'targets -set -filter {jtag_cable_name =~ "Digilent Zybo 210279652415A" && level==0} -index 1' command is executed.
21:49:40 INFO  : 'fpga -state' command is executed.
21:49:40 INFO  : Connected to target on host '127.0.0.1' and port '3121'.
21:49:40 INFO  : Jtag cable 'Digilent Zybo 210279652415A' is selected.
21:49:40 INFO  : 'jtag frequency' command is executed.
21:49:40 INFO  : Sourcing of 'C:/SVN/FPGA/AXI_Stream_counter_V1/AXI_Stream_counter_V1.sdk/design_1_wrapper_hw_platform_0/ps7_init.tcl' is done.
21:49:40 INFO  : Context for 'APU' is selected.
21:49:42 INFO  : Hardware design information is loaded from 'C:/SVN/FPGA/AXI_Stream_counter_V1/AXI_Stream_counter_V1.sdk/design_1_wrapper_hw_platform_0/system.hdf'.
21:49:42 INFO  : 'configparams force-mem-access 1' command is executed.
21:49:42 INFO  : Context for 'APU' is selected.
21:49:42 INFO  : 'stop' command is executed.
21:49:42 INFO  : 'ps7_init' command is executed.
21:49:42 INFO  : 'ps7_post_config' command is executed.
21:49:42 INFO  : Context for processor 'ps7_cortexa9_0' is selected.
21:49:43 INFO  : Processor reset is completed for 'ps7_cortexa9_0'.
21:49:43 INFO  : Context for processor 'ps7_cortexa9_0' is selected.
21:49:43 INFO  : The application 'C:/SVN/FPGA/AXI_Stream_counter_V1/AXI_Stream_counter_V1.sdk/hello_world/Debug/hello_world.elf' is downloaded to processor 'ps7_cortexa9_0'.
21:49:43 INFO  : 'configparams force-mem-access 0' command is executed.
21:49:43 INFO  : ----------------XSDB Script----------------
connect -url tcp:127.0.0.1:3121
source C:/SVN/FPGA/AXI_Stream_counter_V1/AXI_Stream_counter_V1.sdk/design_1_wrapper_hw_platform_0/ps7_init.tcl
targets -set -nocase -filter {name =~"APU*" && jtag_cable_name =~ "Digilent Zybo 210279652415A"} -index 0
loadhw -hw C:/SVN/FPGA/AXI_Stream_counter_V1/AXI_Stream_counter_V1.sdk/design_1_wrapper_hw_platform_0/system.hdf -mem-ranges [list {0x40000000 0xbfffffff}]
configparams force-mem-access 1
targets -set -nocase -filter {name =~"APU*" && jtag_cable_name =~ "Digilent Zybo 210279652415A"} -index 0
stop
ps7_init
ps7_post_config
targets -set -nocase -filter {name =~ "ARM*#0" && jtag_cable_name =~ "Digilent Zybo 210279652415A"} -index 0
rst -processor
targets -set -nocase -filter {name =~ "ARM*#0" && jtag_cable_name =~ "Digilent Zybo 210279652415A"} -index 0
dow C:/SVN/FPGA/AXI_Stream_counter_V1/AXI_Stream_counter_V1.sdk/hello_world/Debug/hello_world.elf
configparams force-mem-access 0
----------------End of Script----------------

21:49:43 INFO  : Memory regions updated for context APU
21:49:43 INFO  : Context for processor 'ps7_cortexa9_0' is selected.
21:49:43 INFO  : 'con' command is executed.
21:49:43 INFO  : ----------------XSDB Script (After Launch)----------------
targets -set -nocase -filter {name =~ "ARM*#0" && jtag_cable_name =~ "Digilent Zybo 210279652415A"} -index 0
con
----------------End of Script----------------

21:49:43 INFO  : Launch script is exported to file 'C:\SVN\FPGA\AXI_Stream_counter_V1\AXI_Stream_counter_V1.sdk\.sdk\launch_scripts\xilinx_c-c++_application_(system_debugger)\system_debugger_using_debug_hello_world.elf_on_local.tcl'
21:52:08 INFO  : Disconnected from the channel tcfchan#13.
21:52:25 INFO  : 'targets -set -filter {jtag_cable_name =~ "Digilent Zybo 210279652415A" && level==0} -index 1' command is executed.
21:52:25 INFO  : 'fpga -state' command is executed.
21:52:25 INFO  : Connected to target on host '127.0.0.1' and port '3121'.
21:52:25 INFO  : Jtag cable 'Digilent Zybo 210279652415A' is selected.
21:52:25 INFO  : 'jtag frequency' command is executed.
21:52:25 INFO  : Sourcing of 'C:/SVN/FPGA/AXI_Stream_counter_V1/AXI_Stream_counter_V1.sdk/design_1_wrapper_hw_platform_0/ps7_init.tcl' is done.
21:52:25 INFO  : Context for 'APU' is selected.
21:52:25 INFO  : Hardware design information is loaded from 'C:/SVN/FPGA/AXI_Stream_counter_V1/AXI_Stream_counter_V1.sdk/design_1_wrapper_hw_platform_0/system.hdf'.
21:52:25 INFO  : 'configparams force-mem-access 1' command is executed.
21:52:25 INFO  : Context for 'APU' is selected.
21:52:25 INFO  : 'stop' command is executed.
21:52:26 INFO  : 'ps7_init' command is executed.
21:52:26 INFO  : 'ps7_post_config' command is executed.
21:52:26 INFO  : Context for processor 'ps7_cortexa9_0' is selected.
21:52:26 INFO  : Processor reset is completed for 'ps7_cortexa9_0'.
21:52:26 INFO  : Context for processor 'ps7_cortexa9_0' is selected.
21:52:26 INFO  : The application 'C:/SVN/FPGA/AXI_Stream_counter_V1/AXI_Stream_counter_V1.sdk/hello_world/Debug/hello_world.elf' is downloaded to processor 'ps7_cortexa9_0'.
21:52:26 INFO  : 'configparams force-mem-access 0' command is executed.
21:52:26 INFO  : ----------------XSDB Script----------------
connect -url tcp:127.0.0.1:3121
source C:/SVN/FPGA/AXI_Stream_counter_V1/AXI_Stream_counter_V1.sdk/design_1_wrapper_hw_platform_0/ps7_init.tcl
targets -set -nocase -filter {name =~"APU*" && jtag_cable_name =~ "Digilent Zybo 210279652415A"} -index 0
loadhw -hw C:/SVN/FPGA/AXI_Stream_counter_V1/AXI_Stream_counter_V1.sdk/design_1_wrapper_hw_platform_0/system.hdf -mem-ranges [list {0x40000000 0xbfffffff}]
configparams force-mem-access 1
targets -set -nocase -filter {name =~"APU*" && jtag_cable_name =~ "Digilent Zybo 210279652415A"} -index 0
stop
ps7_init
ps7_post_config
targets -set -nocase -filter {name =~ "ARM*#0" && jtag_cable_name =~ "Digilent Zybo 210279652415A"} -index 0
rst -processor
targets -set -nocase -filter {name =~ "ARM*#0" && jtag_cable_name =~ "Digilent Zybo 210279652415A"} -index 0
dow C:/SVN/FPGA/AXI_Stream_counter_V1/AXI_Stream_counter_V1.sdk/hello_world/Debug/hello_world.elf
configparams force-mem-access 0
----------------End of Script----------------

21:52:26 INFO  : Memory regions updated for context APU
21:52:26 INFO  : Context for processor 'ps7_cortexa9_0' is selected.
21:52:26 INFO  : 'con' command is executed.
21:52:26 INFO  : ----------------XSDB Script (After Launch)----------------
targets -set -nocase -filter {name =~ "ARM*#0" && jtag_cable_name =~ "Digilent Zybo 210279652415A"} -index 0
con
----------------End of Script----------------

21:52:26 INFO  : Launch script is exported to file 'C:\SVN\FPGA\AXI_Stream_counter_V1\AXI_Stream_counter_V1.sdk\.sdk\launch_scripts\xilinx_c-c++_application_(system_debugger)\system_debugger_using_debug_hello_world.elf_on_local.tcl'
21:52:34 INFO  : Disconnected from the channel tcfchan#14.
21:52:56 INFO  : 'targets -set -filter {jtag_cable_name =~ "Digilent Zybo 210279652415A" && level==0} -index 1' command is executed.
21:52:56 INFO  : 'fpga -state' command is executed.
21:52:56 INFO  : Connected to target on host '127.0.0.1' and port '3121'.
21:52:56 INFO  : Jtag cable 'Digilent Zybo 210279652415A' is selected.
21:52:56 INFO  : 'jtag frequency' command is executed.
21:52:56 INFO  : Sourcing of 'C:/SVN/FPGA/AXI_Stream_counter_V1/AXI_Stream_counter_V1.sdk/design_1_wrapper_hw_platform_0/ps7_init.tcl' is done.
21:52:56 INFO  : Context for 'APU' is selected.
21:52:57 INFO  : Hardware design information is loaded from 'C:/SVN/FPGA/AXI_Stream_counter_V1/AXI_Stream_counter_V1.sdk/design_1_wrapper_hw_platform_0/system.hdf'.
21:52:57 INFO  : 'configparams force-mem-access 1' command is executed.
21:52:57 INFO  : Context for 'APU' is selected.
21:52:57 INFO  : 'stop' command is executed.
21:52:57 INFO  : 'ps7_init' command is executed.
21:52:57 INFO  : 'ps7_post_config' command is executed.
21:52:57 INFO  : Context for processor 'ps7_cortexa9_0' is selected.
21:52:57 INFO  : Processor reset is completed for 'ps7_cortexa9_0'.
21:52:57 INFO  : Context for processor 'ps7_cortexa9_0' is selected.
21:52:57 INFO  : The application 'C:/SVN/FPGA/AXI_Stream_counter_V1/AXI_Stream_counter_V1.sdk/hello_world/Debug/hello_world.elf' is downloaded to processor 'ps7_cortexa9_0'.
21:52:57 INFO  : 'configparams force-mem-access 0' command is executed.
21:52:57 INFO  : ----------------XSDB Script----------------
connect -url tcp:127.0.0.1:3121
source C:/SVN/FPGA/AXI_Stream_counter_V1/AXI_Stream_counter_V1.sdk/design_1_wrapper_hw_platform_0/ps7_init.tcl
targets -set -nocase -filter {name =~"APU*" && jtag_cable_name =~ "Digilent Zybo 210279652415A"} -index 0
loadhw -hw C:/SVN/FPGA/AXI_Stream_counter_V1/AXI_Stream_counter_V1.sdk/design_1_wrapper_hw_platform_0/system.hdf -mem-ranges [list {0x40000000 0xbfffffff}]
configparams force-mem-access 1
targets -set -nocase -filter {name =~"APU*" && jtag_cable_name =~ "Digilent Zybo 210279652415A"} -index 0
stop
ps7_init
ps7_post_config
targets -set -nocase -filter {name =~ "ARM*#0" && jtag_cable_name =~ "Digilent Zybo 210279652415A"} -index 0
rst -processor
targets -set -nocase -filter {name =~ "ARM*#0" && jtag_cable_name =~ "Digilent Zybo 210279652415A"} -index 0
dow C:/SVN/FPGA/AXI_Stream_counter_V1/AXI_Stream_counter_V1.sdk/hello_world/Debug/hello_world.elf
configparams force-mem-access 0
----------------End of Script----------------

21:52:57 INFO  : Memory regions updated for context APU
21:52:57 INFO  : Context for processor 'ps7_cortexa9_0' is selected.
21:52:57 INFO  : 'con' command is executed.
21:52:57 INFO  : ----------------XSDB Script (After Launch)----------------
targets -set -nocase -filter {name =~ "ARM*#0" && jtag_cable_name =~ "Digilent Zybo 210279652415A"} -index 0
con
----------------End of Script----------------

21:52:57 INFO  : Launch script is exported to file 'C:\SVN\FPGA\AXI_Stream_counter_V1\AXI_Stream_counter_V1.sdk\.sdk\launch_scripts\xilinx_c-c++_application_(system_debugger)\system_debugger_using_debug_hello_world.elf_on_local.tcl'
21:54:10 INFO  : Disconnected from the channel tcfchan#15.
21:56:18 INFO  : 'targets -set -filter {jtag_cable_name =~ "Digilent Zybo 210279652415A" && level==0} -index 1' command is executed.
21:56:18 INFO  : 'fpga -state' command is executed.
21:56:18 INFO  : Connected to target on host '127.0.0.1' and port '3121'.
21:56:18 INFO  : Jtag cable 'Digilent Zybo 210279652415A' is selected.
21:56:18 INFO  : 'jtag frequency' command is executed.
21:56:18 INFO  : Sourcing of 'C:/SVN/FPGA/AXI_Stream_counter_V1/AXI_Stream_counter_V1.sdk/design_1_wrapper_hw_platform_0/ps7_init.tcl' is done.
21:56:18 INFO  : Context for 'APU' is selected.
21:56:20 INFO  : Hardware design information is loaded from 'C:/SVN/FPGA/AXI_Stream_counter_V1/AXI_Stream_counter_V1.sdk/design_1_wrapper_hw_platform_0/system.hdf'.
21:56:20 INFO  : 'configparams force-mem-access 1' command is executed.
21:56:20 INFO  : Context for 'APU' is selected.
21:56:20 INFO  : 'stop' command is executed.
21:56:20 INFO  : 'ps7_init' command is executed.
21:56:20 INFO  : 'ps7_post_config' command is executed.
21:56:20 INFO  : Context for processor 'ps7_cortexa9_0' is selected.
21:56:20 INFO  : Processor reset is completed for 'ps7_cortexa9_0'.
21:56:20 INFO  : Context for processor 'ps7_cortexa9_0' is selected.
21:56:20 INFO  : The application 'C:/SVN/FPGA/AXI_Stream_counter_V1/AXI_Stream_counter_V1.sdk/hello_world/Debug/hello_world.elf' is downloaded to processor 'ps7_cortexa9_0'.
21:56:20 INFO  : 'configparams force-mem-access 0' command is executed.
21:56:20 INFO  : ----------------XSDB Script----------------
connect -url tcp:127.0.0.1:3121
source C:/SVN/FPGA/AXI_Stream_counter_V1/AXI_Stream_counter_V1.sdk/design_1_wrapper_hw_platform_0/ps7_init.tcl
targets -set -nocase -filter {name =~"APU*" && jtag_cable_name =~ "Digilent Zybo 210279652415A"} -index 0
loadhw -hw C:/SVN/FPGA/AXI_Stream_counter_V1/AXI_Stream_counter_V1.sdk/design_1_wrapper_hw_platform_0/system.hdf -mem-ranges [list {0x40000000 0xbfffffff}]
configparams force-mem-access 1
targets -set -nocase -filter {name =~"APU*" && jtag_cable_name =~ "Digilent Zybo 210279652415A"} -index 0
stop
ps7_init
ps7_post_config
targets -set -nocase -filter {name =~ "ARM*#0" && jtag_cable_name =~ "Digilent Zybo 210279652415A"} -index 0
rst -processor
targets -set -nocase -filter {name =~ "ARM*#0" && jtag_cable_name =~ "Digilent Zybo 210279652415A"} -index 0
dow C:/SVN/FPGA/AXI_Stream_counter_V1/AXI_Stream_counter_V1.sdk/hello_world/Debug/hello_world.elf
configparams force-mem-access 0
----------------End of Script----------------

21:56:20 INFO  : Memory regions updated for context APU
21:56:20 INFO  : Context for processor 'ps7_cortexa9_0' is selected.
21:56:20 INFO  : 'con' command is executed.
21:56:20 INFO  : ----------------XSDB Script (After Launch)----------------
targets -set -nocase -filter {name =~ "ARM*#0" && jtag_cable_name =~ "Digilent Zybo 210279652415A"} -index 0
con
----------------End of Script----------------

21:56:20 INFO  : Launch script is exported to file 'C:\SVN\FPGA\AXI_Stream_counter_V1\AXI_Stream_counter_V1.sdk\.sdk\launch_scripts\xilinx_c-c++_application_(system_debugger)\system_debugger_using_debug_hello_world.elf_on_local.tcl'
21:58:25 INFO  : Disconnected from the channel tcfchan#16.
21:58:26 INFO  : 'targets -set -filter {jtag_cable_name =~ "Digilent Zybo 210279652415A" && level==0} -index 1' command is executed.
21:58:26 INFO  : 'fpga -state' command is executed.
21:58:26 INFO  : Connected to target on host '127.0.0.1' and port '3121'.
21:58:26 INFO  : Jtag cable 'Digilent Zybo 210279652415A' is selected.
21:58:26 INFO  : 'jtag frequency' command is executed.
21:58:26 INFO  : Sourcing of 'C:/SVN/FPGA/AXI_Stream_counter_V1/AXI_Stream_counter_V1.sdk/design_1_wrapper_hw_platform_0/ps7_init.tcl' is done.
21:58:26 INFO  : Context for 'APU' is selected.
21:58:28 INFO  : Hardware design information is loaded from 'C:/SVN/FPGA/AXI_Stream_counter_V1/AXI_Stream_counter_V1.sdk/design_1_wrapper_hw_platform_0/system.hdf'.
21:58:28 INFO  : 'configparams force-mem-access 1' command is executed.
21:58:28 INFO  : Context for 'APU' is selected.
21:58:28 INFO  : 'stop' command is executed.
21:58:29 INFO  : 'ps7_init' command is executed.
21:58:29 INFO  : 'ps7_post_config' command is executed.
21:58:29 INFO  : Context for processor 'ps7_cortexa9_0' is selected.
21:58:29 INFO  : Processor reset is completed for 'ps7_cortexa9_0'.
21:58:29 INFO  : Context for processor 'ps7_cortexa9_0' is selected.
21:58:29 INFO  : The application 'C:/SVN/FPGA/AXI_Stream_counter_V1/AXI_Stream_counter_V1.sdk/hello_world/Debug/hello_world.elf' is downloaded to processor 'ps7_cortexa9_0'.
21:58:29 INFO  : 'configparams force-mem-access 0' command is executed.
21:58:29 INFO  : ----------------XSDB Script----------------
connect -url tcp:127.0.0.1:3121
source C:/SVN/FPGA/AXI_Stream_counter_V1/AXI_Stream_counter_V1.sdk/design_1_wrapper_hw_platform_0/ps7_init.tcl
targets -set -nocase -filter {name =~"APU*" && jtag_cable_name =~ "Digilent Zybo 210279652415A"} -index 0
loadhw -hw C:/SVN/FPGA/AXI_Stream_counter_V1/AXI_Stream_counter_V1.sdk/design_1_wrapper_hw_platform_0/system.hdf -mem-ranges [list {0x40000000 0xbfffffff}]
configparams force-mem-access 1
targets -set -nocase -filter {name =~"APU*" && jtag_cable_name =~ "Digilent Zybo 210279652415A"} -index 0
stop
ps7_init
ps7_post_config
targets -set -nocase -filter {name =~ "ARM*#0" && jtag_cable_name =~ "Digilent Zybo 210279652415A"} -index 0
rst -processor
targets -set -nocase -filter {name =~ "ARM*#0" && jtag_cable_name =~ "Digilent Zybo 210279652415A"} -index 0
dow C:/SVN/FPGA/AXI_Stream_counter_V1/AXI_Stream_counter_V1.sdk/hello_world/Debug/hello_world.elf
configparams force-mem-access 0
----------------End of Script----------------

21:58:29 INFO  : Memory regions updated for context APU
21:58:29 INFO  : Context for processor 'ps7_cortexa9_0' is selected.
21:58:29 INFO  : 'con' command is executed.
21:58:29 INFO  : ----------------XSDB Script (After Launch)----------------
targets -set -nocase -filter {name =~ "ARM*#0" && jtag_cable_name =~ "Digilent Zybo 210279652415A"} -index 0
con
----------------End of Script----------------

21:58:29 INFO  : Launch script is exported to file 'C:\SVN\FPGA\AXI_Stream_counter_V1\AXI_Stream_counter_V1.sdk\.sdk\launch_scripts\xilinx_c-c++_application_(system_debugger)\system_debugger_using_debug_hello_world.elf_on_local.tcl'
21:59:26 INFO  : Disconnected from the channel tcfchan#17.
21:59:27 INFO  : 'targets -set -filter {jtag_cable_name =~ "Digilent Zybo 210279652415A" && level==0} -index 1' command is executed.
21:59:27 INFO  : 'fpga -state' command is executed.
21:59:27 INFO  : Connected to target on host '127.0.0.1' and port '3121'.
21:59:27 INFO  : Jtag cable 'Digilent Zybo 210279652415A' is selected.
21:59:27 INFO  : 'jtag frequency' command is executed.
21:59:27 INFO  : Sourcing of 'C:/SVN/FPGA/AXI_Stream_counter_V1/AXI_Stream_counter_V1.sdk/design_1_wrapper_hw_platform_0/ps7_init.tcl' is done.
21:59:27 INFO  : Context for 'APU' is selected.
21:59:29 INFO  : Hardware design information is loaded from 'C:/SVN/FPGA/AXI_Stream_counter_V1/AXI_Stream_counter_V1.sdk/design_1_wrapper_hw_platform_0/system.hdf'.
21:59:29 INFO  : 'configparams force-mem-access 1' command is executed.
21:59:29 INFO  : Context for 'APU' is selected.
21:59:29 INFO  : 'stop' command is executed.
21:59:29 INFO  : 'ps7_init' command is executed.
21:59:29 INFO  : 'ps7_post_config' command is executed.
21:59:29 INFO  : Context for processor 'ps7_cortexa9_0' is selected.
21:59:29 INFO  : Processor reset is completed for 'ps7_cortexa9_0'.
21:59:29 INFO  : Context for processor 'ps7_cortexa9_0' is selected.
21:59:29 INFO  : The application 'C:/SVN/FPGA/AXI_Stream_counter_V1/AXI_Stream_counter_V1.sdk/hello_world/Debug/hello_world.elf' is downloaded to processor 'ps7_cortexa9_0'.
21:59:29 INFO  : 'configparams force-mem-access 0' command is executed.
21:59:29 INFO  : ----------------XSDB Script----------------
connect -url tcp:127.0.0.1:3121
source C:/SVN/FPGA/AXI_Stream_counter_V1/AXI_Stream_counter_V1.sdk/design_1_wrapper_hw_platform_0/ps7_init.tcl
targets -set -nocase -filter {name =~"APU*" && jtag_cable_name =~ "Digilent Zybo 210279652415A"} -index 0
loadhw -hw C:/SVN/FPGA/AXI_Stream_counter_V1/AXI_Stream_counter_V1.sdk/design_1_wrapper_hw_platform_0/system.hdf -mem-ranges [list {0x40000000 0xbfffffff}]
configparams force-mem-access 1
targets -set -nocase -filter {name =~"APU*" && jtag_cable_name =~ "Digilent Zybo 210279652415A"} -index 0
stop
ps7_init
ps7_post_config
targets -set -nocase -filter {name =~ "ARM*#0" && jtag_cable_name =~ "Digilent Zybo 210279652415A"} -index 0
rst -processor
targets -set -nocase -filter {name =~ "ARM*#0" && jtag_cable_name =~ "Digilent Zybo 210279652415A"} -index 0
dow C:/SVN/FPGA/AXI_Stream_counter_V1/AXI_Stream_counter_V1.sdk/hello_world/Debug/hello_world.elf
configparams force-mem-access 0
----------------End of Script----------------

21:59:29 INFO  : Memory regions updated for context APU
21:59:29 INFO  : Context for processor 'ps7_cortexa9_0' is selected.
21:59:29 INFO  : 'con' command is executed.
21:59:29 INFO  : ----------------XSDB Script (After Launch)----------------
targets -set -nocase -filter {name =~ "ARM*#0" && jtag_cable_name =~ "Digilent Zybo 210279652415A"} -index 0
con
----------------End of Script----------------

21:59:29 INFO  : Launch script is exported to file 'C:\SVN\FPGA\AXI_Stream_counter_V1\AXI_Stream_counter_V1.sdk\.sdk\launch_scripts\xilinx_c-c++_application_(system_debugger)\system_debugger_using_debug_hello_world.elf_on_local.tcl'
21:59:58 INFO  : Disconnected from the channel tcfchan#18.
21:59:59 INFO  : 'targets -set -filter {jtag_cable_name =~ "Digilent Zybo 210279652415A" && level==0} -index 1' command is executed.
21:59:59 INFO  : 'fpga -state' command is executed.
21:59:59 INFO  : Connected to target on host '127.0.0.1' and port '3121'.
21:59:59 INFO  : Jtag cable 'Digilent Zybo 210279652415A' is selected.
21:59:59 INFO  : 'jtag frequency' command is executed.
21:59:59 INFO  : Sourcing of 'C:/SVN/FPGA/AXI_Stream_counter_V1/AXI_Stream_counter_V1.sdk/design_1_wrapper_hw_platform_0/ps7_init.tcl' is done.
21:59:59 INFO  : Context for 'APU' is selected.
22:00:01 INFO  : Hardware design information is loaded from 'C:/SVN/FPGA/AXI_Stream_counter_V1/AXI_Stream_counter_V1.sdk/design_1_wrapper_hw_platform_0/system.hdf'.
22:00:01 INFO  : 'configparams force-mem-access 1' command is executed.
22:00:01 INFO  : Context for 'APU' is selected.
22:00:01 INFO  : 'stop' command is executed.
22:00:01 INFO  : 'ps7_init' command is executed.
22:00:01 INFO  : 'ps7_post_config' command is executed.
22:00:01 INFO  : Context for processor 'ps7_cortexa9_0' is selected.
22:00:01 INFO  : Processor reset is completed for 'ps7_cortexa9_0'.
22:00:01 INFO  : Context for processor 'ps7_cortexa9_0' is selected.
22:00:01 INFO  : The application 'C:/SVN/FPGA/AXI_Stream_counter_V1/AXI_Stream_counter_V1.sdk/hello_world/Debug/hello_world.elf' is downloaded to processor 'ps7_cortexa9_0'.
22:00:01 INFO  : 'configparams force-mem-access 0' command is executed.
22:00:01 INFO  : ----------------XSDB Script----------------
connect -url tcp:127.0.0.1:3121
source C:/SVN/FPGA/AXI_Stream_counter_V1/AXI_Stream_counter_V1.sdk/design_1_wrapper_hw_platform_0/ps7_init.tcl
targets -set -nocase -filter {name =~"APU*" && jtag_cable_name =~ "Digilent Zybo 210279652415A"} -index 0
loadhw -hw C:/SVN/FPGA/AXI_Stream_counter_V1/AXI_Stream_counter_V1.sdk/design_1_wrapper_hw_platform_0/system.hdf -mem-ranges [list {0x40000000 0xbfffffff}]
configparams force-mem-access 1
targets -set -nocase -filter {name =~"APU*" && jtag_cable_name =~ "Digilent Zybo 210279652415A"} -index 0
stop
ps7_init
ps7_post_config
targets -set -nocase -filter {name =~ "ARM*#0" && jtag_cable_name =~ "Digilent Zybo 210279652415A"} -index 0
rst -processor
targets -set -nocase -filter {name =~ "ARM*#0" && jtag_cable_name =~ "Digilent Zybo 210279652415A"} -index 0
dow C:/SVN/FPGA/AXI_Stream_counter_V1/AXI_Stream_counter_V1.sdk/hello_world/Debug/hello_world.elf
configparams force-mem-access 0
----------------End of Script----------------

22:00:01 INFO  : Memory regions updated for context APU
22:00:02 INFO  : Context for processor 'ps7_cortexa9_0' is selected.
22:00:02 INFO  : 'con' command is executed.
22:00:02 INFO  : ----------------XSDB Script (After Launch)----------------
targets -set -nocase -filter {name =~ "ARM*#0" && jtag_cable_name =~ "Digilent Zybo 210279652415A"} -index 0
con
----------------End of Script----------------

22:00:02 INFO  : Launch script is exported to file 'C:\SVN\FPGA\AXI_Stream_counter_V1\AXI_Stream_counter_V1.sdk\.sdk\launch_scripts\xilinx_c-c++_application_(system_debugger)\system_debugger_using_debug_hello_world.elf_on_local.tcl'
22:03:11 INFO  : Disconnected from the channel tcfchan#19.
22:03:12 INFO  : 'targets -set -filter {jtag_cable_name =~ "Digilent Zybo 210279652415A" && level==0} -index 1' command is executed.
22:03:12 INFO  : 'fpga -state' command is executed.
22:03:12 INFO  : Connected to target on host '127.0.0.1' and port '3121'.
22:03:13 INFO  : Jtag cable 'Digilent Zybo 210279652415A' is selected.
22:03:13 INFO  : 'jtag frequency' command is executed.
22:03:13 INFO  : Sourcing of 'C:/SVN/FPGA/AXI_Stream_counter_V1/AXI_Stream_counter_V1.sdk/design_1_wrapper_hw_platform_0/ps7_init.tcl' is done.
22:03:13 INFO  : Context for 'APU' is selected.
22:03:15 INFO  : Hardware design information is loaded from 'C:/SVN/FPGA/AXI_Stream_counter_V1/AXI_Stream_counter_V1.sdk/design_1_wrapper_hw_platform_0/system.hdf'.
22:03:15 INFO  : 'configparams force-mem-access 1' command is executed.
22:03:15 INFO  : Context for 'APU' is selected.
22:03:15 INFO  : 'stop' command is executed.
22:03:15 INFO  : 'ps7_init' command is executed.
22:03:15 INFO  : 'ps7_post_config' command is executed.
22:03:15 INFO  : Context for processor 'ps7_cortexa9_0' is selected.
22:03:15 INFO  : Processor reset is completed for 'ps7_cortexa9_0'.
22:03:15 INFO  : Context for processor 'ps7_cortexa9_0' is selected.
22:03:15 INFO  : The application 'C:/SVN/FPGA/AXI_Stream_counter_V1/AXI_Stream_counter_V1.sdk/hello_world/Debug/hello_world.elf' is downloaded to processor 'ps7_cortexa9_0'.
22:03:15 INFO  : 'configparams force-mem-access 0' command is executed.
22:03:15 INFO  : ----------------XSDB Script----------------
connect -url tcp:127.0.0.1:3121
source C:/SVN/FPGA/AXI_Stream_counter_V1/AXI_Stream_counter_V1.sdk/design_1_wrapper_hw_platform_0/ps7_init.tcl
targets -set -nocase -filter {name =~"APU*" && jtag_cable_name =~ "Digilent Zybo 210279652415A"} -index 0
loadhw -hw C:/SVN/FPGA/AXI_Stream_counter_V1/AXI_Stream_counter_V1.sdk/design_1_wrapper_hw_platform_0/system.hdf -mem-ranges [list {0x40000000 0xbfffffff}]
configparams force-mem-access 1
targets -set -nocase -filter {name =~"APU*" && jtag_cable_name =~ "Digilent Zybo 210279652415A"} -index 0
stop
ps7_init
ps7_post_config
targets -set -nocase -filter {name =~ "ARM*#0" && jtag_cable_name =~ "Digilent Zybo 210279652415A"} -index 0
rst -processor
targets -set -nocase -filter {name =~ "ARM*#0" && jtag_cable_name =~ "Digilent Zybo 210279652415A"} -index 0
dow C:/SVN/FPGA/AXI_Stream_counter_V1/AXI_Stream_counter_V1.sdk/hello_world/Debug/hello_world.elf
configparams force-mem-access 0
----------------End of Script----------------

22:03:15 INFO  : Memory regions updated for context APU
22:03:16 INFO  : Context for processor 'ps7_cortexa9_0' is selected.
22:03:16 INFO  : 'con' command is executed.
22:03:16 INFO  : ----------------XSDB Script (After Launch)----------------
targets -set -nocase -filter {name =~ "ARM*#0" && jtag_cable_name =~ "Digilent Zybo 210279652415A"} -index 0
con
----------------End of Script----------------

22:03:16 INFO  : Launch script is exported to file 'C:\SVN\FPGA\AXI_Stream_counter_V1\AXI_Stream_counter_V1.sdk\.sdk\launch_scripts\xilinx_c-c++_application_(system_debugger)\system_debugger_using_debug_hello_world.elf_on_local.tcl'
22:04:57 INFO  : Disconnected from the channel tcfchan#20.
