Unable to capture context for thread 12324 in process 19000, can not generate back trace
Unable to capture context for thread 2572 in process 19000, can not generate back trace
Exception at PC 0x00007FFA4884BB93
Printing stacktrace...

[0]  [0x00007FFA4884BB93]
[1]  [0x00007FFA4884BB93]
[2]  [0x00007FFA4884B4A1]
[3]  [0x00007FFA4884B3EF]
[4]  [0x00007FFA488319FE]
[5]  [0x00007FFA48830ED1]
[6]  [0x00007FFA48830D76]
[7]  [0x00007FFA487D79F6]
[8]  [0x00007FFA487C7AFB]
[9]  [0x00007FFA488EE90A]
[10]  [0x00007FFA48909F87]
[11]  [0x00007FFA4890A05F]
[12] (BaseThreadInitThunk+0x14) [0x00007FFABBE82774]
[13] (RtlUserThreadStart+0x21) [0x00007FFABC750D51]
Done
Exception at PC 0x00007FFA48551A52
Attemped to write at address 0x00007FFA875BABA4
Printing stacktrace...

[0]  [0x00007FFA48551A52]
[1]  [0x00007FFA48551A52]
[2]  [0x00007FFA48551AD4]
[3]  [0x00007FFA48693FF7]
[4]  [0x00007FFA48579128]
[5]  [0x00007FFA4882DFB9]
[6]  [0x00007FFA489FEF23]
[7]  [0x00007FFA4890B06B]
[8]  [0x00007FFA489008AF]
[9]  [0x00007FFA48900A32]
[10] (RtlDeactivateActivationContextUnsafeFast+0x1af) [0x00007FFABC70485F]
[11] (LdrShutdownProcess+0x12c) [0x00007FFABC72D43C]
[12] (RtlExitUserProcess+0xb4) [0x00007FFABC72D2F4]
[13] (FatalExit+0xa) [0x00007FFABBE8C0DA]
[14] (exit+0x75) [0x00007FFABC5BA045]
[15] (initterm_e+0x21d) [0x00007FFABC5BA68D]
[16]  [0x00000000004014CD]
[17]  [0x000000000040151B]
[18] (BaseThreadInitThunk+0x14) [0x00007FFABBE82774]
[19] (RtlUserThreadStart+0x21) [0x00007FFABC750D51]
Done
