Copyright 1986-2017 Xilinx, Inc. All Rights Reserved.
------------------------------------------------------------------------------------
| Tool Version : Vivado v.2017.2 (win64) Build 1909853 Thu Jun 15 18:39:09 MDT 2017
| Date         : Sun Nov 12 22:47:16 2017
| Host         : DESKTOP-IQHN62F running 64-bit major release  (build 9200)
| Command      : upgrade_ip
| Device       : xc7z010clg400-1
------------------------------------------------------------------------------------

Upgrade Log for IP 'design_1_ADC_Simulator_0_0'

1. Summary
----------

SUCCESS in the upgrade of design_1_ADC_Simulator_0_0 (xilinx.com:user:ADC_Simulator:1.0) from (Rev. 2) to (Rev. 3)






Copyright 1986-2017 Xilinx, Inc. All Rights Reserved.
------------------------------------------------------------------------------------
| Tool Version : Vivado v.2017.2 (win64) Build 1909853 Thu Jun 15 18:39:09 MDT 2017
| Date         : Sun Nov 12 22:47:16 2017
| Host         : DESKTOP-IQHN62F running 64-bit major release  (build 9200)
| Command      : upgrade_ip
| Device       : xc7z010clg400-1
------------------------------------------------------------------------------------

Upgrade Log for IP 'design_1_ADC_AXI_INTERFACE_0_0'

1. Summary
----------

SUCCESS in the upgrade of design_1_ADC_AXI_INTERFACE_0_0 (xilinx.com:user:ADC_AXI_INTERFACE:1.0) from (Rev. 3) to (Rev. 4)






Copyright 1986-2017 Xilinx, Inc. All Rights Reserved.
------------------------------------------------------------------------------------
| Tool Version : Vivado v.2017.2 (win64) Build 1909853 Thu Jun 15 18:39:09 MDT 2017
| Date         : Sun Nov 12 18:58:43 2017
| Host         : DESKTOP-IQHN62F running 64-bit major release  (build 9200)
| Command      : upgrade_ip
| Device       : xc7z010clg400-1
------------------------------------------------------------------------------------

Upgrade Log for IP 'design_1_ADC_Simulator_0_0'

1. Summary
----------

SUCCESS in the conversion of design_1_ADC_Simulator_0_0 (xilinx.com:user:ADC_Simulator:1.0 (Rev. 2)) to Vivado generation flows.






Copyright 1986-2017 Xilinx, Inc. All Rights Reserved.
------------------------------------------------------------------------------------
| Tool Version : Vivado v.2017.2 (win64) Build 1909853 Thu Jun 15 18:39:09 MDT 2017
| Date         : Sat Nov 11 16:50:28 2017
| Host         : DESKTOP-IQHN62F running 64-bit major release  (build 9200)
| Command      : upgrade_ip
| Device       : xc7z010clg400-1
------------------------------------------------------------------------------------

Upgrade Log for IP 'design_1_ADC_AXI_INTERFACE_0_0'

1. Summary
----------

SUCCESS in the upgrade of design_1_ADC_AXI_INTERFACE_0_0 (xilinx.com:user:ADC_AXI_INTERFACE:1.0) from (Rev. 2) to (Rev. 3)

